SF:lib\core\data\app_retry.dart
DA:32,1
DA:39,1
DA:40,1
DA:44,1
LF:4
LH:4
end_of_record
SF:lib\core\exceptions\app_exception.dart
DA:2,16
DA:10,0
DA:12,6
DA:13,18
DA:17,8
DA:21,2
DA:26,14
DA:30,3
DA:35,4
DA:37,3
DA:52,4
DA:54,0
DA:59,4
DA:64,2
DA:65,2
DA:80,1
DA:93,2
LF:17
LH:15
end_of_record
SF:lib\core\offline\sync_error_classifier.dart
DA:85,2
DA:86,3
DA:88,4
DA:89,6
DA:102,7
DA:103,7
DA:107,4
DA:109,15
DA:110,9
DA:118,6
DA:119,6
DA:120,3
DA:121,3
DA:123,6
DA:126,6
DA:132,6
DA:133,5
DA:134,5
DA:135,5
DA:136,5
DA:137,3
DA:154,5
DA:156,5
DA:157,4
DA:159,3
DA:160,3
DA:171,3
DA:172,2
DA:174,3
DA:175,4
DA:179,3
DA:180,6
LF:32
LH:32
end_of_record
SF:lib\core\connectivity\connectivity_provider.dart
DA:30,23
DA:31,5
DA:32,5
DA:35,0
DA:36,0
DA:40,5
DA:41,5
DA:42,0
DA:43,0
DA:46,5
DA:47,0
DA:51,10
DA:52,0
DA:53,0
DA:54,0
DA:55,0
DA:60,10
DA:61,0
DA:62,5
DA:63,5
DA:66,5
DA:88,39
DA:89,6
DA:101,12
DA:102,12
DA:107,1
DA:108,2
DA:111,6
DA:113,0
DA:116,0
DA:119,6
DA:121,0
DA:127,12
DA:128,6
DA:129,6
DA:130,6
DA:133,6
DA:141,51
DA:142,18
LF:39
LH:26
end_of_record
SF:lib\core\local_storage\hive_service.dart
DA:6,13
DA:11,4
DA:180,0
DA:181,0
DA:182,0
DA:188,0
DA:203,1
DA:205,2
DA:206,1
DA:207,1
DA:209,2
DA:215,2
DA:216,2
DA:217,3
DA:220,1
DA:228,1
DA:231,2
DA:232,0
DA:236,0
DA:245,0
DA:247,0
DA:252,0
DA:256,2
DA:257,4
DA:258,2
DA:259,2
DA:260,2
DA:261,2
DA:262,2
DA:263,2
DA:264,2
DA:265,2
DA:266,2
DA:267,2
DA:271,2
DA:272,4
DA:273,3
LF:37
LH:28
end_of_record
SF:lib\core\observability\sentry_report.dart
DA:26,0
DA:29,45
DA:30,33
DA:32,22
DA:36,22
DA:39,16
DA:40,16
DA:44,2
DA:48,3
DA:58,1
DA:68,6
DA:76,2
DA:84,23
DA:90,46
DA:114,17
DA:123,34
DA:125,26
DA:126,13
DA:127,26
DA:128,2
DA:129,1
DA:136,17
DA:138,34
DA:139,17
LF:24
LH:23
end_of_record
SF:lib\core\offline\offline_queue_service.dart
DA:27,4
DA:29,27
DA:36,6
DA:38,12
DA:39,18
DA:41,2
DA:42,2
DA:44,2
DA:53,5
DA:55,10
DA:57,3
DA:58,2
DA:70,9
DA:71,9
DA:72,21
DA:74,12
DA:75,6
DA:76,6
DA:77,12
DA:79,4
DA:80,2
DA:82,4
DA:85,22
DA:94,3
DA:96,6
DA:97,9
DA:99,2
DA:100,2
DA:102,2
DA:110,18
DA:142,7
DA:146,15
DA:147,5
DA:149,2
DA:150,1
DA:153,1
DA:154,1
DA:155,1
DA:156,2
DA:157,2
DA:158,1
DA:159,2
DA:169,0
DA:173,0
DA:180,6
DA:181,3
DA:189,28
LF:47
LH:45
end_of_record
SF:lib\core\offline\pending_action.dart
DA:118,7
DA:119,7
LF:2
LH:2
end_of_record
SF:lib\core\offline\pending_action.g.dart
DA:9,7
DA:10,7
DA:11,7
DA:12,7
DA:13,7
DA:14,8
DA:15,7
DA:16,7
DA:17,8
DA:18,7
DA:20,7
DA:21,7
DA:22,7
DA:24,7
DA:25,14
DA:26,14
DA:27,7
DA:29,7
DA:30,7
DA:31,7
DA:34,7
DA:36,7
DA:39,7
DA:42,7
DA:43,7
DA:44,7
DA:45,7
DA:46,7
DA:47,7
DA:48,7
DA:49,7
DA:50,14
DA:51,7
DA:52,7
DA:53,7
DA:54,14
DA:55,7
DA:67,3
DA:69,3
DA:70,3
DA:71,3
DA:72,5
DA:73,3
DA:74,3
DA:75,6
DA:76,6
DA:77,3
DA:79,3
DA:80,4
DA:81,3
DA:84,6
DA:86,3
DA:89,3
DA:91,3
DA:92,3
DA:93,3
DA:94,3
DA:95,6
DA:96,3
DA:97,3
DA:98,3
DA:99,6
DA:100,3
DA:103,2
DA:105,2
DA:106,2
DA:107,2
DA:108,2
DA:109,2
DA:110,4
DA:111,4
DA:112,2
DA:114,2
DA:115,2
DA:116,2
DA:119,4
DA:121,2
DA:124,2
DA:126,2
DA:127,2
DA:128,2
DA:129,2
DA:130,2
DA:131,4
DA:132,2
DA:133,2
DA:134,2
DA:135,4
DA:136,2
LF:89
LH:89
end_of_record
SF:lib\core\connectivity\connectivity_recovery_provider.dart
DA:52,7
DA:56,4
DA:57,4
DA:62,3
DA:63,3
DA:64,3
DA:65,9
DA:76,3
DA:77,3
DA:79,3
DA:82,6
DA:83,6
DA:86,1
DA:90,3
DA:92,4
DA:98,3
DA:99,3
DA:100,9
DA:106,14
DA:107,7
LF:20
LH:20
end_of_record
SF:lib\core\connectivity\recovery_recorder_provider.dart
DA:17,0
DA:21,0
DA:23,0
DA:26,0
DA:28,0
DA:34,0
DA:35,0
LF:7
LH:0
end_of_record
SF:lib\core\data\base_repository.dart
DA:32,37
DA:58,21
DA:60,21
DA:61,18
DA:63,19
DA:68,6
DA:75,17
DA:76,32
DA:77,16
DA:146,1
DA:152,1
DA:154,1
DA:155,1
DA:158,1
DA:163,1
DA:166,1
DA:167,1
DA:176,1
DA:185,1
DA:186,3
DA:189,3
LF:21
LH:21
end_of_record
SF:lib\core\exceptions\error_mapper.dart
DA:9,0
DA:11,17
DA:12,17
DA:13,5
DA:15,15
DA:16,4
DA:18,14
DA:21,14
DA:25,4
DA:42,13
DA:43,3
DA:44,2
DA:48,39
DA:52,5
DA:56,10
DA:58,10
DA:65,15
DA:68,4
DA:69,8
DA:71,8
DA:74,12
LF:21
LH:20
end_of_record
SF:lib\core\data\json_helpers.dart
DA:31,4
DA:32,4
DA:34,4
DA:35,4
DA:39,4
DA:40,2
DA:41,4
DA:52,4
DA:53,4
DA:55,4
DA:56,3
DA:57,6
DA:68,2
DA:69,2
DA:71,2
DA:72,2
DA:76,2
DA:77,1
DA:78,2
DA:82,2
DA:87,2
DA:88,2
DA:90,1
DA:91,1
DA:95,2
DA:96,0
DA:97,0
DA:101,2
DA:106,3
DA:107,3
DA:109,3
DA:110,3
DA:111,3
DA:112,6
DA:120,2
DA:121,2
DA:124,2
DA:125,1
DA:126,1
DA:127,2
LF:40
LH:38
end_of_record
SF:lib\core\device\platform_info.dart
DA:6,17
DA:8,17
DA:9,17
DA:11,0
DA:13,0
DA:15,0
DA:17,0
DA:19,0
DA:32,17
DA:35,0
DA:41,0
DA:43,0
DA:44,0
LF:13
LH:4
end_of_record
SF:lib\core\format\number_format.dart
DA:15,0
DA:20,28
DA:21,56
DA:22,81
DA:24,9
DA:25,9
DA:26,9
DA:27,9
DA:31,4
DA:36,8
DA:41,6
DA:42,18
DA:48,4
DA:49,4
DA:53,1
DA:54,1
DA:55,1
DA:56,1
DA:57,1
DA:58,3
DA:60,3
LF:21
LH:20
end_of_record
SF:lib\core\l10n\locale_provider.dart
DA:27,4
DA:29,8
DA:30,4
DA:31,4
DA:34,1
DA:35,4
DA:41,2
DA:42,2
DA:47,1
DA:49,1
DA:51,2
DA:54,1
DA:55,2
DA:56,1
DA:58,2
DA:59,1
DA:63,1
DA:65,2
DA:68,1
DA:69,3
DA:70,2
DA:71,1
DA:75,1
DA:82,2
DA:84,3
DA:86,3
DA:87,1
DA:89,3
DA:91,1
DA:95,51
LF:30
LH:30
end_of_record
SF:lib\features\auth\providers\auth_providers.dart
DA:10,161
DA:11,0
DA:12,20
DA:13,0
DA:23,56
DA:24,2
DA:35,36
DA:36,0
DA:50,80
DA:51,28
DA:52,5
DA:58,5
DA:60,0
DA:62,5
DA:65,5
DA:66,0
DA:67,0
DA:71,5
DA:72,0
DA:74,0
DA:75,0
DA:77,0
DA:81,0
DA:82,0
DA:84,0
DA:85,0
DA:86,0
DA:90,0
DA:91,0
DA:92,0
DA:93,0
DA:96,0
LF:32
LH:12
end_of_record
SF:lib\features\profile\providers\profile_providers.dart
DA:17,24
DA:18,0
DA:19,0
DA:20,0
DA:33,0
DA:34,0
DA:35,0
DA:36,0
DA:37,0
DA:41,177
DA:55,12
DA:58,14
DA:76,58
DA:78,6
DA:79,6
DA:110,4
DA:122,2
DA:124,6
DA:125,2
DA:133,4
DA:141,2
DA:143,2
DA:144,1
DA:154,0
DA:157,0
DA:180,1
DA:181,7
DA:193,1
DA:197,1
DA:199,3
DA:200,2
DA:201,1
DA:209,1
DA:214,1
DA:215,2
DA:217,1
DA:219,3
DA:220,3
DA:221,1
DA:222,2
DA:226,1
DA:227,2
DA:229,1
DA:231,2
DA:232,3
DA:233,3
DA:234,1
DA:235,2
LF:48
LH:38
end_of_record
SF:lib\core\local_storage\cache_service.dart
DA:12,4
DA:18,13
DA:20,26
DA:21,14
DA:22,7
DA:26,21
DA:28,7
DA:29,7
DA:30,7
DA:32,2
DA:33,1
DA:42,9
DA:44,18
DA:45,6
DA:46,3
DA:50,7
DA:51,21
DA:53,2
DA:54,1
DA:62,1
DA:64,2
DA:65,2
DA:66,1
DA:70,3
DA:72,0
DA:73,0
DA:81,6
DA:83,12
DA:84,10
DA:85,5
DA:89,6
DA:91,0
DA:97,20
LF:33
LH:30
end_of_record
SF:lib\core\offline\pending_sync_provider.dart
DA:23,5
DA:25,20
DA:26,10
DA:27,10
DA:31,9
DA:37,1
DA:38,3
DA:42,4
DA:43,8
DA:44,12
DA:48,6
DA:58,4
DA:59,8
DA:61,8
DA:62,20
DA:65,8
DA:67,4
DA:68,8
DA:69,12
DA:71,6
DA:75,2
DA:76,4
DA:77,4
DA:78,6
DA:81,8
DA:88,2
DA:89,4
DA:90,6
DA:94,4
DA:96,4
DA:97,4
DA:98,4
DA:99,4
DA:100,4
DA:102,12
DA:109,4
DA:110,4
DA:111,4
DA:112,8
DA:113,8
DA:116,8
DA:120,2
DA:121,3
DA:122,1
DA:123,2
DA:126,0
DA:137,0
DA:147,2
DA:153,6
DA:154,4
DA:158,0
DA:159,0
DA:163,0
DA:164,0
DA:173,39
LF:55
LH:49
end_of_record
SF:lib\features\personal_records\models\personal_record.dart
DA:9,6
DA:10,6
DA:12,10
DA:33,6
DA:34,6
LF:5
LH:5
end_of_record
SF:lib\features\personal_records\models\personal_record.g.dart
DA:9,6
DA:10,6
DA:11,6
DA:12,6
DA:13,6
DA:14,6
DA:16,12
DA:17,12
DA:18,12
DA:19,6
DA:20,8
DA:23,5
DA:24,5
DA:25,5
DA:26,5
DA:27,5
DA:28,10
DA:29,5
DA:30,10
DA:31,5
DA:32,5
LF:21
LH:21
end_of_record
SF:lib\features\personal_records\providers\pr_providers.dart
DA:22,38
DA:23,0
DA:24,5
DA:25,0
DA:26,0
DA:27,0
DA:32,16
DA:33,4
DA:38,6
DA:39,0
DA:40,0
DA:41,0
DA:42,0
DA:43,0
DA:50,16
DA:51,2
DA:52,0
DA:54,0
DA:59,51
DA:60,0
DA:61,0
DA:62,0
DA:63,0
DA:68,9
DA:69,0
DA:70,0
DA:71,0
DA:72,0
DA:73,0
DA:78,6
DA:81,0
DA:82,0
DA:83,0
DA:84,0
DA:85,0
DA:86,0
DA:94,2
DA:95,2
DA:96,0
DA:98,0
DA:99,0
DA:100,0
LF:42
LH:12
end_of_record
SF:lib\features\workouts\models\cardio_session.dart
DA:50,1
DA:51,1
DA:64,4
DA:65,2
DA:66,2
DA:67,2
DA:68,2
DA:69,2
DA:70,2
DA:71,4
LF:10
LH:10
end_of_record
SF:lib\features\workouts\models\cardio_session.g.dart
DA:9,1
DA:10,1
DA:11,1
DA:12,1
DA:13,1
DA:14,2
DA:15,2
DA:16,2
DA:17,1
DA:18,2
DA:21,1
DA:22,1
DA:23,1
DA:24,1
DA:25,1
DA:26,1
DA:27,1
DA:28,1
DA:29,1
DA:30,2
LF:20
LH:20
end_of_record
SF:lib\features\workouts\models\exercise_set.dart
DA:9,18
DA:10,18
DA:12,6
DA:35,18
DA:36,18
DA:47,10
DA:48,5
DA:49,5
DA:50,5
DA:51,5
DA:52,5
DA:53,5
DA:54,10
DA:55,5
DA:56,5
DA:57,10
LF:16
LH:16
end_of_record
SF:lib\features\workouts\models\exercise_set.g.dart
DA:9,36
DA:10,18
DA:11,18
DA:12,36
DA:13,36
DA:14,36
DA:15,21
DA:16,18
DA:18,36
DA:19,18
DA:20,18
DA:21,36
DA:24,3
DA:25,3
DA:26,3
DA:27,3
DA:28,3
DA:29,3
DA:30,3
DA:31,3
DA:32,6
DA:33,3
DA:34,3
DA:35,6
LF:24
LH:24
end_of_record
SF:lib\features\workouts\models\workout.dart
DA:58,31
DA:59,31
LF:2
LH:2
end_of_record
SF:lib\features\workouts\models\workout.g.dart
DA:9,62
DA:10,31
DA:11,31
DA:12,31
DA:13,62
DA:14,31
DA:16,62
DA:17,62
DA:18,31
DA:19,31
DA:20,62
DA:21,36
DA:22,36
DA:23,36
DA:26,10
DA:27,5
DA:28,5
DA:29,5
DA:30,10
DA:31,10
DA:32,5
DA:33,5
DA:34,5
DA:35,10
DA:36,5
DA:37,5
DA:38,5
LF:27
LH:27
end_of_record
SF:lib\features\workouts\models\workout_exercise.dart
DA:21,12
DA:22,12
LF:2
LH:2
end_of_record
SF:lib\features\workouts\models\workout_exercise.g.dart
DA:9,12
DA:10,12
DA:11,12
DA:12,12
DA:13,12
DA:14,24
DA:15,14
DA:16,12
DA:18,4
DA:21,4
DA:22,4
DA:23,4
DA:24,4
DA:25,4
DA:26,4
DA:27,4
DA:28,6
LF:17
LH:17
end_of_record
SF:lib\features\workouts\providers\workout_providers.dart
DA:23,84
DA:24,0
DA:25,0
DA:26,0
DA:27,0
DA:28,0
DA:33,54
DA:34,0
DA:38,0
DA:39,0
DA:50,32
DA:51,33
DA:52,2
DA:53,2
DA:54,1
DA:98,32
DA:99,16
DA:102,32
DA:103,48
DA:106,16
DA:107,80
DA:108,16
DA:110,32
DA:113,48
DA:126,48
DA:132,16
DA:134,32
DA:135,64
DA:136,16
DA:140,14
DA:141,14
DA:148,45
DA:152,3
DA:153,0
LF:34
LH:25
end_of_record
SF:lib\core\offline\sync_error_mapper.dart
DA:39,0
DA:47,1
DA:50,3
DA:51,1
DA:54,3
DA:57,3
DA:63,1
DA:64,3
DA:76,2
DA:77,4
DA:81,3
DA:82,6
DA:83,6
DA:85,2
DA:93,9
DA:96,3
DA:97,6
DA:99,2
DA:101,3
DA:102,6
DA:104,2
DA:109,3
DA:110,6
DA:112,2
DA:114,3
DA:115,6
DA:117,2
DA:119,3
DA:120,6
DA:122,2
DA:124,3
DA:125,6
DA:127,2
DA:137,3
DA:138,6
DA:140,2
DA:142,3
DA:143,4
DA:145,2
DA:147,3
DA:148,4
DA:150,2
DA:159,6
DA:160,0
DA:162,2
DA:173,3
LF:46
LH:44
end_of_record
SF:lib\l10n\app_localizations.dart
DA:65,157
DA:66,314
DA:70,126
DA:71,126
DA:5958,4
DA:5960,149
DA:5962,298
DA:5965,148
DA:5967,444
DA:5969,9
DA:5973,153
DA:5975,153
DA:5976,153
DA:5977,141
DA:5978,28
DA:5979,28
DA:5982,0
LF:17
LH:16
end_of_record
SF:lib\core\theme\app_equipment_icons.dart
DA:21,0
LF:1
LH:0
end_of_record
SF:lib\core\theme\app_icons.dart
DA:31,0
DA:158,28
DA:159,84
DA:161,28
DA:170,28
DA:182,28
DA:185,28
DA:190,17
DA:191,17
DA:192,34
DA:193,17
DA:196,17
DA:199,17
LF:13
LH:12
end_of_record
SF:lib\core\theme\app_muscle_icons.dart
DA:20,0
LF:1
LH:0
end_of_record
SF:lib\features\analytics\data\analytics_repository.dart
DA:31,1
DA:38,2
DA:44,6
DA:51,3
DA:62,1
DA:70,4
DA:72,1
DA:73,1
LF:8
LH:8
end_of_record
SF:lib\features\analytics\data\models\analytics_event.dart
DA:13,22
DA:157,8
DA:158,8
DA:159,8
DA:160,8
DA:161,7
DA:162,5
DA:163,5
DA:164,5
DA:165,5
DA:166,5
DA:167,5
DA:168,4
DA:169,4
DA:170,4
DA:171,4
DA:172,3
DA:177,6
DA:178,12
DA:182,14
DA:187,6
DA:188,1
DA:189,1
DA:190,1
DA:191,1
DA:193,1
DA:199,5
DA:200,3
DA:201,3
DA:202,3
DA:203,3
DA:204,3
DA:205,3
DA:206,3
DA:207,3
DA:209,3
DA:219,3
DA:220,0
DA:221,0
DA:222,0
DA:223,0
DA:225,0
DA:231,3
DA:232,0
DA:233,0
DA:234,0
DA:235,0
DA:237,0
DA:243,3
DA:244,0
DA:245,0
DA:246,0
DA:248,0
DA:249,3
DA:250,3
DA:251,0
DA:252,0
DA:253,0
DA:255,0
DA:260,3
DA:261,0
DA:262,0
DA:263,0
DA:264,0
DA:266,0
DA:272,9
DA:276,2
DA:277,1
DA:278,1
DA:279,1
DA:280,1
DA:282,1
DA:288,5
DA:292,5
DA:296,8
LF:75
LH:52
end_of_record
SF:lib\features\analytics\providers\analytics_providers.dart
DA:23,70
DA:25,7
DA:30,7
DA:39,6
LF:4
LH:4
end_of_record
SF:lib\features\auth\data\auth_repository.dart
DA:10,2
DA:47,2
DA:48,2
DA:51,3
DA:54,6
DA:57,0
DA:76,2
DA:91,2
DA:93,2
DA:95,1
DA:97,2
DA:98,4
DA:99,2
DA:100,4
DA:105,2
DA:109,2
DA:110,4
DA:111,2
DA:112,4
DA:124,1
DA:125,1
DA:126,3
DA:137,2
DA:138,12
DA:142,0
DA:143,0
DA:144,0
DA:145,0
DA:146,0
DA:151,1
DA:152,1
DA:153,5
DA:158,1
DA:159,6
DA:177,0
DA:178,0
DA:179,0
DA:194,2
DA:195,4
DA:200,2
DA:201,2
DA:203,2
DA:205,2
DA:207,1
DA:210,4
DA:211,2
DA:212,3
LF:47
LH:38
end_of_record
SF:lib\features\auth\providers\auth_invalidation.dart
DA:31,5
DA:32,12
DA:33,8
DA:34,8
DA:35,2
DA:36,2
LF:6
LH:6
end_of_record
SF:lib\features\exercises\data\exercise_repository.dart
DA:31,2
DA:42,2
DA:47,2
DA:48,2
DA:49,6
DA:50,6
DA:51,4
DA:63,2
DA:69,2
DA:74,4
DA:77,1
DA:78,3
DA:79,1
DA:83,4
DA:84,4
DA:86,2
DA:89,2
DA:90,2
DA:95,2
DA:96,4
DA:100,4
DA:103,8
DA:123,2
DA:131,4
DA:132,4
DA:134,2
DA:138,2
DA:139,2
DA:142,1
DA:143,2
DA:147,2
DA:149,1
DA:150,1
DA:151,3
DA:152,1
DA:156,1
DA:157,2
DA:158,3
DA:159,2
DA:162,2
DA:166,1
DA:175,1
DA:180,2
DA:181,2
DA:183,1
DA:188,1
DA:192,1
DA:193,1
DA:194,2
DA:196,2
DA:224,2
DA:229,4
DA:233,4
DA:234,4
DA:236,4
DA:239,2
DA:240,3
DA:245,4
DA:246,4
DA:248,2
DA:257,2
DA:258,2
DA:259,8
DA:265,4
DA:268,8
DA:291,1
DA:299,2
DA:301,2
DA:303,1
DA:306,0
DA:307,1
DA:312,1
DA:313,1
DA:314,0
DA:316,2
DA:317,2
DA:318,1
DA:319,2
DA:335,1
DA:336,2
DA:337,1
DA:338,1
DA:339,4
DA:340,1
DA:341,1
DA:342,2
DA:351,1
DA:356,2
DA:357,2
DA:359,1
DA:368,1
DA:369,2
DA:370,2
LF:93
LH:91
end_of_record
SF:lib\features\exercises\models\exercise.dart
DA:22,14
DA:30,6
DA:31,6
DA:32,4
DA:33,4
DA:34,4
DA:35,4
DA:36,4
DA:37,4
DA:40,1
DA:41,4
DA:54,14
DA:62,6
DA:63,6
DA:64,4
DA:65,3
DA:66,3
DA:67,3
DA:68,3
DA:69,3
DA:72,1
DA:73,4
DA:129,27
DA:130,27
LF:24
LH:24
end_of_record
SF:lib\features\exercises\models\exercise.g.dart
DA:9,54
DA:10,27
DA:11,27
DA:12,54
DA:13,54
DA:14,27
DA:15,27
DA:16,27
DA:17,27
DA:18,27
DA:19,27
DA:20,27
DA:22,6
DA:23,54
DA:24,27
DA:26,32
DA:27,27
DA:28,0
DA:30,27
DA:33,14
DA:34,7
DA:35,7
DA:36,14
DA:37,14
DA:38,7
DA:39,7
DA:40,7
DA:41,7
DA:42,7
DA:43,7
DA:44,7
DA:45,14
DA:46,7
DA:47,7
DA:48,7
DA:49,7
LF:36
LH:35
end_of_record
SF:lib\features\exercises\providers\exercise_progress_provider.dart
DA:19,2
DA:21,3
DA:22,4
DA:23,1
DA:33,2
DA:38,4
DA:41,3
DA:42,9
DA:43,9
DA:45,4
DA:46,12
DA:86,18
DA:87,21
DA:88,3
DA:94,3
DA:96,10
DA:105,4
DA:112,6
DA:113,2
DA:114,2
DA:119,2
DA:129,2
DA:132,2
DA:133,2
DA:155,2
DA:162,2
DA:165,3
DA:166,1
DA:167,4
DA:170,2
DA:171,1
DA:172,1
DA:173,1
DA:176,1
DA:177,2
DA:178,2
DA:179,4
DA:181,1
DA:185,1
DA:189,2
DA:190,2
DA:191,2
DA:192,1
DA:193,1
DA:194,1
DA:197,2
DA:198,6
DA:214,2
DA:217,2
DA:219,3
DA:220,1
DA:221,4
DA:223,2
DA:224,1
DA:225,1
DA:226,1
DA:227,1
DA:228,1
DA:229,1
DA:231,1
DA:232,2
DA:233,2
DA:234,4
DA:242,2
DA:243,2
DA:244,2
DA:245,1
DA:246,1
DA:247,1
DA:250,2
DA:251,6
DA:259,1
DA:260,1
DA:261,1
DA:262,2
DA:263,3
DA:273,1
DA:274,2
DA:275,5
DA:280,1
DA:285,1
DA:288,1
DA:289,3
DA:290,3
DA:291,3
DA:293,1
DA:294,4
DA:299,1
LF:88
LH:88
end_of_record
SF:lib\features\workouts\utils\set_filters.dart
DA:18,5
DA:19,10
DA:20,5
DA:21,10
DA:28,4
DA:29,8
LF:6
LH:6
end_of_record
SF:lib\features\exercises\utils\e1rm.dart
DA:15,2
DA:16,4
DA:17,6
DA:25,1
DA:27,2
DA:28,1
DA:29,1
DA:30,1
DA:31,1
DA:32,1
DA:33,1
DA:46,2
DA:49,2
LF:13
LH:13
end_of_record
SF:lib\features\exercises\providers\exercise_providers.dart
DA:13,6
DA:14,0
DA:15,0
DA:16,0
DA:17,0
DA:23,1
DA:33,1
DA:36,1
DA:37,3
DA:38,3
DA:39,3
DA:41,1
DA:42,4
DA:52,6
DA:53,2
DA:58,6
DA:59,2
DA:64,8
DA:76,2
DA:77,3
DA:78,2
DA:79,3
DA:80,2
DA:84,0
DA:86,2
DA:87,1
DA:90,1
DA:91,1
DA:92,1
DA:95,1
DA:98,1
DA:99,1
DA:106,4
DA:107,5
DA:108,2
DA:109,3
DA:110,2
DA:112,0
DA:114,1
DA:125,0
DA:130,0
DA:131,0
DA:133,0
DA:135,0
DA:147,4
DA:148,3
DA:149,1
DA:150,2
DA:151,2
DA:152,2
DA:154,3
LF:51
LH:40
end_of_record
SF:lib\features\personal_records\data\pr_repository.dart
DA:25,4
DA:36,4
DA:37,8
DA:53,2
DA:56,3
DA:59,8
DA:60,4
DA:63,1
DA:65,1
DA:66,2
DA:69,3
DA:70,1
DA:77,4
DA:78,6
DA:83,0
DA:84,0
DA:85,0
DA:86,0
DA:92,0
DA:95,0
DA:106,2
DA:107,2
DA:118,2
DA:121,2
DA:122,4
DA:123,2
DA:124,4
DA:127,1
DA:129,1
DA:130,2
DA:133,1
DA:134,2
DA:136,1
DA:142,1
DA:143,1
DA:159,1
DA:160,1
DA:162,1
DA:163,2
DA:164,4
DA:170,2
DA:171,5
DA:172,6
DA:188,1
DA:192,1
DA:193,2
DA:196,1
DA:197,3
DA:198,1
DA:202,2
DA:203,1
DA:204,1
DA:205,1
DA:206,1
DA:208,2
DA:212,2
DA:215,4
DA:229,0
DA:239,0
DA:240,0
DA:241,0
DA:242,0
DA:243,0
DA:245,0
DA:246,0
DA:257,1
DA:271,2
DA:272,1
DA:273,1
DA:274,1
DA:275,1
DA:276,1
DA:278,1
DA:279,1
DA:293,1
DA:307,1
DA:310,1
DA:311,3
DA:312,1
DA:314,1
DA:316,2
DA:322,2
DA:323,1
DA:324,2
DA:327,1
DA:328,1
DA:330,1
DA:339,1
DA:343,2
DA:344,1
DA:345,1
DA:346,1
DA:347,1
DA:354,3
DA:355,1
DA:357,2
DA:359,1
DA:360,1
DA:361,1
DA:362,1
DA:364,2
DA:369,0
DA:370,0
DA:371,0
DA:372,0
DA:373,0
DA:374,0
DA:375,0
DA:380,1
DA:381,2
DA:382,3
DA:383,2
DA:405,0
DA:406,0
DA:407,0
DA:409,0
DA:410,0
LF:117
LH:91
end_of_record
SF:lib\features\personal_records\domain\pr_detection_service.dart
DA:13,5
DA:21,18
DA:34,2
DA:40,2
DA:42,4
DA:43,4
DA:46,4
DA:47,4
DA:48,2
DA:50,4
DA:58,4
DA:59,4
DA:62,1
DA:69,3
DA:72,2
DA:79,4
DA:81,2
DA:88,6
DA:90,2
DA:106,1
DA:109,4
DA:110,1
DA:113,2
DA:120,2
DA:132,4
DA:133,2
DA:134,2
DA:140,2
DA:142,2
DA:143,4
DA:145,2
DA:146,2
DA:147,2
DA:152,4
DA:153,2
DA:156,4
DA:162,2
DA:172,4
DA:173,6
DA:174,2
DA:180,2
DA:182,2
DA:183,2
DA:185,2
DA:186,2
DA:187,2
DA:192,4
DA:193,2
DA:198,2
DA:199,4
DA:200,4
LF:51
LH:51
end_of_record
SF:lib\features\workouts\models\active_workout_state.dart
DA:29,9
DA:30,9
DA:65,11
DA:66,11
LF:4
LH:4
end_of_record
SF:lib\features\workouts\models\active_workout_state.g.dart
DA:9,9
DA:11,9
DA:12,9
DA:13,9
DA:16,9
DA:17,23
DA:18,9
DA:19,1
DA:20,9
DA:22,0
DA:25,4
DA:27,4
DA:28,4
DA:29,4
DA:30,4
DA:33,11
DA:34,11
DA:35,22
DA:37,11
DA:38,11
DA:39,9
DA:40,9
DA:42,11
DA:43,1
DA:44,11
DA:45,11
DA:46,11
DA:49,4
DA:50,4
DA:51,4
DA:52,4
DA:53,4
DA:54,4
DA:55,4
LF:34
LH:33
end_of_record
SF:lib\features\personal_records\models\record_type.dart
DA:6,1
DA:7,1
DA:8,1
DA:9,1
DA:12,7
DA:13,7
DA:14,6
DA:15,3
DA:18,7
DA:19,7
DA:20,5
DA:21,4
DA:22,2
LF:13
LH:13
end_of_record
SF:lib\features\profile\data\avatar_repository.dart
DA:37,1
DA:71,2
DA:97,1
DA:102,2
DA:103,1
DA:104,2
DA:105,1
DA:106,1
DA:109,1
DA:124,2
DA:125,1
DA:126,1
DA:128,1
DA:142,1
DA:143,2
DA:144,1
DA:145,2
DA:146,1
DA:147,1
DA:148,1
DA:163,1
DA:164,3
DA:165,1
DA:166,3
DA:167,1
DA:168,3
DA:179,1
DA:180,3
DA:181,3
DA:187,1
DA:191,1
DA:192,1
DA:193,1
DA:194,3
DA:195,3
LF:35
LH:35
end_of_record
SF:lib\features\profile\data\profile_repository.dart
DA:7,1
DA:32,1
DA:33,4
DA:47,1
DA:48,1
DA:49,3
DA:53,1
DA:54,2
DA:55,1
DA:56,1
DA:57,1
DA:58,1
DA:59,1
DA:61,1
DA:65,1
DA:78,2
DA:79,1
DA:80,1
DA:82,1
DA:84,1
DA:86,1
DA:89,0
DA:91,1
DA:96,1
DA:102,0
DA:110,0
DA:116,2
DA:125,1
DA:126,3
DA:127,3
DA:128,3
DA:130,1
DA:131,1
DA:132,1
DA:133,1
DA:134,1
DA:135,1
DA:148,1
DA:149,2
DA:150,1
DA:151,1
DA:152,2
DA:153,1
DA:157,1
DA:158,2
DA:159,1
DA:160,1
DA:161,2
DA:162,1
DA:166,1
DA:167,2
DA:168,1
DA:169,1
DA:170,2
DA:171,1
DA:175,1
DA:176,2
DA:177,1
DA:178,1
DA:179,2
DA:180,1
LF:61
LH:58
end_of_record
SF:lib\features\profile\models\profile.dart
DA:92,2
DA:93,2
DA:103,2
DA:105,1
DA:106,4
DA:112,1
DA:114,3
DA:115,3
DA:116,4
LF:9
LH:9
end_of_record
SF:lib\features\profile\models\profile.g.dart
DA:9,4
DA:10,2
DA:11,2
DA:12,2
DA:13,2
DA:15,3
DA:16,2
DA:17,2
DA:19,2
DA:20,3
DA:21,4
DA:22,2
DA:23,2
DA:25,0
DA:26,4
DA:29,2
DA:30,1
DA:31,1
DA:32,1
DA:33,1
DA:34,1
DA:35,1
DA:36,1
DA:37,1
DA:38,2
DA:39,1
DA:40,1
DA:41,2
LF:28
LH:27
end_of_record
SF:lib\features\rpg\data\peak_loads_repository.dart
DA:19,0
DA:28,0
DA:29,0
DA:30,0
DA:33,0
DA:35,0
DA:37,0
DA:40,0
DA:41,0
DA:42,0
DA:48,0
DA:49,0
DA:50,0
DA:53,0
DA:54,0
DA:55,0
DA:56,0
DA:57,0
DA:60,0
DA:67,0
DA:70,0
DA:71,0
DA:72,0
DA:76,0
DA:77,0
DA:78,0
DA:79,0
DA:81,0
DA:82,0
DA:83,0
DA:84,0
LF:31
LH:0
end_of_record
SF:lib\features\rpg\models\peak_load.dart
DA:29,0
DA:30,0
LF:2
LH:0
end_of_record
SF:lib\features\rpg\models\peak_load.g.dart
DA:9,0
DA:10,0
DA:11,0
DA:12,0
DA:13,0
DA:14,0
DA:15,0
DA:18,0
DA:19,0
DA:20,0
DA:21,0
DA:22,0
DA:23,0
DA:24,0
LF:14
LH:0
end_of_record
SF:lib\features\rpg\data\rpg_repository.dart
DA:17,9
DA:25,2
DA:26,1
DA:27,1
DA:28,1
DA:29,1
DA:30,1
DA:66,0
DA:79,0
DA:80,0
DA:81,0
DA:84,0
DA:85,0
DA:86,0
DA:87,0
DA:90,0
DA:91,0
DA:92,0
DA:98,0
DA:99,0
DA:100,0
DA:103,0
DA:104,0
DA:105,0
DA:106,0
DA:107,0
DA:110,0
DA:121,0
DA:122,0
DA:123,0
DA:126,0
DA:129,0
DA:142,0
DA:146,0
DA:147,0
DA:150,0
DA:152,0
DA:155,0
DA:156,0
DA:159,0
DA:160,0
DA:161,0
DA:170,0
DA:171,0
DA:172,0
DA:173,0
DA:174,0
DA:175,0
DA:176,0
DA:179,0
DA:180,0
DA:181,0
DA:212,0
DA:216,0
DA:217,0
DA:220,0
DA:222,0
DA:224,0
DA:229,0
DA:230,0
DA:231,0
DA:232,0
DA:233,0
DA:235,0
DA:237,0
DA:290,0
DA:291,0
DA:292,0
DA:302,0
DA:303,0
DA:305,0
DA:307,0
DA:308,0
DA:309,0
DA:310,0
DA:326,0
DA:327,0
DA:328,0
DA:329,0
DA:335,0
DA:337,0
DA:338,0
DA:349,0
DA:350,0
DA:351,0
DA:354,0
DA:355,0
DA:356,0
DA:357,0
DA:360,0
DA:370,1
DA:380,1
DA:381,1
DA:382,1
DA:383,1
DA:384,1
DA:385,1
DA:386,1
DA:387,1
DA:388,1
DA:400,2
LF:101
LH:18
end_of_record
SF:lib\features\rpg\models\body_part.dart
DA:25,68
DA:30,5
DA:31,10
DA:32,10
DA:39,1
DA:40,1
DA:42,1
LF:7
LH:7
end_of_record
SF:lib\features\rpg\models\body_part_progress.dart
DA:36,0
DA:37,0
LF:2
LH:0
end_of_record
SF:lib\features\rpg\models\body_part_progress.g.dart
DA:9,0
DA:10,0
DA:11,0
DA:12,0
DA:13,0
DA:14,0
DA:15,0
DA:16,0
DA:17,0
DA:19,0
DA:20,0
DA:23,0
DA:24,0
DA:25,0
DA:26,0
DA:27,0
DA:28,0
DA:29,0
DA:30,0
DA:31,0
DA:32,0
LF:21
LH:0
end_of_record
SF:lib\features\rpg\models\xp_event.dart
DA:108,1
DA:109,1
DA:110,1
DA:111,1
DA:114,1
DA:115,1
DA:117,2
DA:118,2
DA:120,2
DA:122,1
DA:124,0
LF:11
LH:10
end_of_record
SF:lib\features\rpg\models\xp_event.g.dart
DA:9,2
DA:10,1
DA:11,1
DA:12,1
DA:13,1
DA:14,1
DA:15,1
DA:16,1
DA:17,1
DA:18,1
DA:19,2
DA:20,2
DA:21,2
DA:22,1
DA:23,2
DA:24,2
DA:27,0
DA:28,0
DA:29,0
DA:30,0
DA:31,0
DA:32,0
DA:33,0
DA:34,0
DA:35,0
DA:36,0
DA:37,0
DA:38,0
DA:39,0
DA:40,0
DA:41,0
DA:42,0
LF:32
LH:16
end_of_record
SF:lib\features\rpg\data\titles_repository.dart
DA:35,1
DA:42,1
DA:43,1
DA:44,1
DA:45,1
DA:46,1
DA:50,1
DA:79,3
DA:84,3
DA:91,1
DA:93,2
DA:107,2
DA:133,3
DA:137,3
DA:138,9
DA:139,3
DA:140,6
DA:142,3
DA:143,6
DA:147,3
DA:157,3
DA:158,3
DA:159,6
DA:160,6
DA:164,9
DA:165,3
DA:172,3
DA:173,3
DA:174,6
DA:175,3
DA:182,1
DA:183,1
DA:184,2
DA:185,2
DA:197,1
DA:198,1
DA:201,1
DA:202,4
DA:203,1
DA:204,5
DA:215,0
DA:216,0
DA:217,0
DA:220,0
DA:221,0
DA:222,0
DA:223,0
DA:227,0
DA:233,0
DA:234,0
DA:235,0
DA:238,0
DA:239,0
DA:240,0
DA:241,0
DA:242,0
DA:245,0
DA:272,1
DA:273,2
DA:274,3
DA:278,1
DA:279,1
DA:280,2
DA:281,2
DA:282,1
DA:287,1
DA:288,1
DA:289,2
DA:290,2
DA:291,1
DA:298,0
DA:299,0
DA:300,0
DA:303,0
DA:304,0
DA:305,0
DA:306,0
DA:307,0
DA:320,0
DA:321,0
DA:322,0
DA:324,0
DA:338,0
DA:339,0
LF:84
LH:53
end_of_record
SF:lib\features\rpg\models\title.dart
DA:85,6
DA:119,4
DA:120,4
DA:121,4
DA:122,4
DA:123,4
DA:124,3
DA:125,2
DA:126,2
DA:131,0
DA:132,0
DA:133,0
DA:135,0
LF:13
LH:9
end_of_record
SF:lib\features\rpg\models\title.g.dart
DA:9,3
DA:10,3
DA:11,3
DA:12,6
DA:13,6
DA:14,3
DA:17,0
DA:18,0
DA:19,0
DA:20,0
DA:21,0
DA:22,0
DA:35,3
DA:36,3
DA:37,3
DA:38,6
DA:39,3
DA:42,0
DA:44,0
DA:45,0
DA:46,0
DA:47,0
DA:50,3
DA:51,3
DA:52,3
DA:53,6
DA:54,3
DA:57,0
DA:58,0
DA:59,0
DA:60,0
DA:61,0
LF:32
LH:16
end_of_record
SF:lib\features\rpg\domain\celebration_event_builder.dart
DA:54,0
DA:63,2
DA:70,2
DA:79,2
DA:80,2
DA:81,10
DA:83,2
DA:84,10
DA:86,4
DA:87,2
DA:88,2
DA:89,2
DA:90,2
DA:91,2
DA:93,2
DA:94,2
DA:100,6
DA:101,4
DA:102,2
DA:103,6
DA:120,2
DA:121,2
DA:122,2
DA:123,2
DA:124,2
DA:139,2
DA:140,2
DA:143,2
DA:144,2
DA:149,4
DA:150,6
DA:151,4
DA:157,4
DA:158,4
DA:159,2
DA:160,2
DA:166,4
DA:167,6
DA:168,4
DA:176,2
DA:181,4
DA:182,6
DA:183,4
DA:189,4
DA:190,4
DA:191,4
DA:193,2
DA:194,4
DA:196,2
DA:209,6
LF:50
LH:49
end_of_record
SF:lib\features\rpg\providers\rpg_progress_provider.dart
DA:15,55
DA:16,0
DA:17,13
DA:18,0
DA:23,3
DA:24,0
DA:25,0
DA:26,0
DA:45,14
DA:68,0
DA:69,0
DA:75,6
DA:76,12
DA:78,5
DA:86,5
DA:106,58
DA:107,29
DA:112,56
DA:114,14
DA:116,14
DA:119,14
DA:120,16
DA:121,4
DA:123,2
DA:124,2
DA:126,2
DA:140,3
DA:141,3
DA:142,6
DA:143,3
DA:144,3
DA:152,0
DA:153,0
DA:154,0
LF:34
LH:24
end_of_record
SF:lib\features\rpg\domain\class_resolver.dart
DA:48,0
DA:85,6
DA:90,6
DA:91,18
DA:94,12
DA:95,18
DA:96,18
DA:99,6
DA:106,4
DA:107,8
DA:108,4
DA:117,8
DA:118,20
DA:120,4
DA:121,4
DA:122,8
DA:123,4
DA:124,4
DA:130,4
LF:19
LH:18
end_of_record
SF:lib\features\rpg\domain\title_unlock_detector.dart
DA:13,2
DA:53,0
DA:60,3
DA:65,6
DA:74,3
DA:75,6
DA:76,9
DA:77,6
DA:79,3
DA:83,3
DA:84,6
DA:85,3
DA:86,6
DA:89,9
DA:90,9
DA:91,6
DA:92,3
DA:106,3
DA:112,6
DA:115,3
DA:116,6
DA:117,3
DA:119,6
DA:120,6
DA:121,6
DA:122,3
DA:138,3
DA:143,3
DA:146,6
DA:147,3
DA:150,3
DA:151,6
DA:152,3
DA:153,6
DA:154,6
DA:155,3
LF:36
LH:35
end_of_record
SF:lib\features\rpg\domain\celebration_queue.dart
DA:43,1
DA:47,1
DA:50,1
DA:56,1
DA:58,1
DA:62,1
DA:66,1
DA:73,11
DA:92,2
DA:148,0
DA:153,9
DA:156,9
DA:162,6
DA:163,6
DA:164,6
DA:165,6
DA:166,6
DA:167,6
DA:169,12
DA:171,6
DA:172,1
DA:173,6
DA:174,3
DA:175,5
DA:176,5
DA:177,3
DA:178,2
DA:179,3
DA:180,3
DA:181,0
DA:182,0
DA:189,9
DA:190,9
DA:191,3
DA:192,5
DA:217,12
DA:218,12
DA:222,6
DA:223,10
DA:225,12
DA:230,12
DA:231,12
DA:232,6
DA:233,12
DA:236,12
DA:237,6
DA:238,12
DA:241,12
DA:242,6
DA:243,12
DA:246,12
DA:247,6
DA:255,6
DA:257,6
DA:258,6
DA:259,6
DA:260,6
DA:261,6
DA:262,6
DA:269,30
DA:270,6
DA:271,2
DA:274,6
LF:63
LH:60
end_of_record
SF:lib\features\rpg\models\character_class.dart
DA:58,0
LF:1
LH:0
end_of_record
SF:lib\features\rpg\domain\cross_build_title_evaluator.dart
DA:27,0
DA:58,4
DA:61,8
DA:63,4
DA:64,4
DA:65,4
DA:66,4
DA:67,4
DA:68,4
DA:69,4
DA:71,4
DA:73,4
DA:74,8
DA:76,4
DA:83,4
DA:85,4
DA:93,6
DA:95,4
DA:96,8
DA:98,4
DA:106,6
DA:108,4
DA:117,4
DA:119,4
DA:128,4
DA:139,4
DA:140,4
DA:141,8
DA:157,4
DA:164,4
DA:165,4
DA:166,4
DA:167,6
DA:168,3
DA:171,9
DA:180,4
DA:188,4
DA:189,4
DA:190,4
DA:191,4
DA:192,3
DA:193,3
DA:194,3
DA:195,9
DA:196,9
DA:197,6
DA:198,3
DA:215,4
DA:221,16
DA:229,4
DA:237,4
DA:238,4
DA:239,4
DA:240,4
DA:241,3
DA:242,3
DA:251,4
DA:260,4
DA:261,4
DA:262,4
DA:263,4
DA:264,3
DA:265,3
DA:266,3
DA:276,4
DA:285,4
DA:286,2
DA:287,2
DA:288,2
DA:289,2
DA:290,2
DA:291,2
DA:326,1
DA:327,2
DA:330,1
DA:334,1
DA:335,1
DA:336,2
DA:338,1
DA:340,1
DA:346,1
DA:348,1
DA:361,1
DA:366,1
DA:372,1
DA:374,1
DA:387,1
DA:389,0
DA:403,1
DA:407,0
DA:427,1
DA:434,2
DA:435,1
DA:436,1
DA:437,1
DA:438,1
DA:444,1
DA:450,1
DA:457,2
DA:458,1
DA:459,1
DA:460,1
DA:461,1
DA:467,1
DA:474,0
DA:480,0
DA:481,0
DA:482,0
DA:483,0
DA:484,0
DA:486,0
DA:490,0
DA:509,3
DA:510,6
DA:511,3
DA:512,6
DA:515,3
DA:516,0
DA:517,3
DA:518,0
DA:519,0
DA:520,0
DA:521,0
DA:523,3
DA:524,0
DA:525,0
DA:533,0
DA:535,3
DA:536,3
DA:537,3
DA:538,3
DA:539,3
DA:541,0
DA:542,0
DA:543,0
DA:551,0
DA:553,0
DA:555,0
DA:556,0
DA:565,0
DA:567,0
DA:569,0
DA:570,0
DA:571,0
DA:579,0
DA:588,3
DA:608,8
DA:620,1
DA:631,1
DA:633,7
DA:635,1
DA:636,3
DA:638,1
DA:640,4
LF:154
LH:122
end_of_record
SF:lib\features\rpg\models\earned_title_entry.dart
DA:11,2
LF:1
LH:1
end_of_record
SF:lib\features\rpg\providers\earned_titles_provider.dart
DA:16,54
DA:17,0
DA:18,12
DA:19,0
DA:26,35
DA:27,10
DA:47,42
DA:50,12
DA:51,0
DA:52,0
DA:54,0
DA:55,0
DA:57,0
DA:58,0
DA:59,0
DA:61,0
DA:62,0
DA:64,0
DA:65,0
DA:75,28
DA:76,14
LF:21
LH:8
end_of_record
SF:lib\features\weekly_plan\data\models\weekly_plan.dart
DA:26,1
DA:27,1
DA:43,1
DA:44,1
LF:4
LH:4
end_of_record
SF:lib\features\weekly_plan\data\models\weekly_plan.g.dart
DA:9,1
DA:10,1
DA:11,1
DA:12,2
DA:13,1
DA:14,1
DA:16,2
DA:17,1
DA:20,2
DA:21,2
DA:22,2
DA:23,2
DA:24,2
DA:25,3
DA:26,2
DA:29,2
DA:30,1
DA:31,1
DA:32,2
DA:34,1
DA:35,3
DA:36,1
DA:38,2
DA:39,2
DA:42,1
DA:43,1
DA:44,1
DA:45,1
DA:46,2
DA:47,1
DA:48,2
DA:49,2
LF:32
LH:32
end_of_record
SF:lib\features\weekly_plan\data\weekly_plan_repository.dart
DA:7,1
DA:11,3
DA:14,0
DA:15,0
DA:16,0
DA:17,0
DA:18,0
DA:19,0
DA:20,0
DA:21,0
DA:23,0
DA:28,0
DA:29,0
DA:30,0
DA:31,0
DA:32,0
DA:33,0
DA:34,0
DA:35,0
DA:36,0
DA:37,0
DA:39,0
DA:56,1
DA:61,2
DA:62,1
DA:63,2
DA:65,1
DA:66,4
DA:67,3
DA:69,0
DA:70,0
DA:71,0
DA:81,0
DA:82,0
DA:83,0
DA:88,1
DA:89,8
LF:37
LH:11
end_of_record
SF:lib\features\weekly_plan\providers\weekly_plan_provider.dart
DA:19,6
DA:20,0
DA:21,0
DA:22,0
DA:34,1
DA:35,1
DA:36,1
DA:38,0
DA:39,1
DA:40,1
DA:41,1
DA:42,2
DA:46,0
DA:47,0
DA:50,3
DA:51,2
DA:53,6
DA:54,15
DA:60,2
DA:70,4
DA:71,2
DA:72,2
DA:76,4
DA:77,8
DA:79,4
DA:80,8
DA:82,0
DA:86,10
DA:88,6
DA:89,2
DA:91,2
DA:98,3
DA:108,1
DA:109,3
DA:110,1
DA:111,0
DA:118,0
DA:119,0
DA:120,0
DA:121,0
DA:122,0
DA:123,0
DA:124,0
DA:129,0
DA:131,0
DA:137,0
DA:142,0
DA:168,2
DA:169,4
DA:171,8
DA:174,5
DA:176,2
DA:177,2
DA:178,1
DA:179,3
DA:181,1
DA:190,1
DA:191,5
DA:193,3
DA:194,1
DA:195,3
DA:196,1
DA:215,0
DA:216,0
DA:217,0
DA:223,0
DA:224,0
DA:228,0
DA:230,0
DA:231,0
DA:232,0
DA:233,0
DA:234,0
DA:236,0
DA:243,0
DA:245,0
DA:246,0
DA:247,0
DA:248,0
DA:250,0
DA:251,0
DA:252,0
DA:253,0
DA:255,0
DA:258,0
DA:259,0
DA:268,0
DA:269,0
DA:271,0
DA:272,0
DA:274,0
DA:275,0
DA:279,0
DA:280,0
DA:281,0
DA:282,0
DA:283,0
DA:284,0
DA:285,0
DA:286,0
DA:288,0
DA:293,0
DA:301,1
DA:302,2
DA:306,5
DA:308,1
DA:309,1
DA:310,4
DA:313,1
DA:314,2
DA:330,1
DA:331,2
DA:333,2
DA:334,1
DA:337,3
DA:338,2
DA:339,1
DA:343,0
DA:344,0
DA:348,34
DA:349,17
DA:359,12
DA:360,9
DA:361,4
DA:380,6
DA:381,3
DA:393,0
DA:406,0
DA:407,0
DA:419,0
DA:426,0
DA:427,0
DA:428,0
DA:429,0
DA:436,0
DA:437,0
DA:438,0
DA:439,0
DA:440,0
DA:442,0
DA:444,0
LF:141
LH:65
end_of_record
SF:lib\features\workouts\data\workout_local_storage.dart
DA:14,9
DA:17,3
DA:18,12
DA:19,6
DA:24,3
DA:26,6
DA:27,3
DA:31,2
DA:40,6
DA:43,3
DA:44,3
DA:47,2
DA:48,1
DA:55,1
DA:56,2
DA:57,2
DA:61,1
DA:62,2
DA:63,3
LF:19
LH:19
end_of_record
SF:lib\features\workouts\data\workout_repository.dart
DA:36,5
DA:47,6
DA:67,1
DA:79,2
DA:80,1
DA:81,1
DA:83,1
DA:84,1
DA:85,1
DA:86,1
DA:87,1
DA:88,2
DA:89,1
DA:90,1
DA:98,1
DA:99,2
DA:100,1
DA:101,1
DA:102,1
DA:103,1
DA:104,1
DA:107,1
DA:108,4
DA:111,2
DA:114,1
DA:122,1
DA:130,0
DA:135,0
DA:136,0
DA:150,0
DA:151,0
DA:152,0
DA:156,0
DA:160,0
DA:161,0
DA:162,0
DA:163,0
DA:169,0
DA:170,0
DA:171,0
DA:176,0
DA:177,0
DA:178,0
DA:179,0
DA:180,0
DA:181,0
DA:182,0
DA:184,0
DA:200,1
DA:208,2
DA:209,1
DA:212,2
DA:215,1
DA:217,2
DA:218,1
DA:221,1
DA:222,1
DA:224,2
DA:226,1
DA:232,2
DA:239,2
DA:241,1
DA:251,1
DA:257,1
DA:263,2
DA:264,1
DA:265,2
DA:266,1
DA:267,1
DA:270,2
DA:273,1
DA:275,1
DA:276,1
DA:280,3
DA:281,1
DA:286,2
DA:287,2
DA:290,2
DA:291,1
DA:292,1
DA:293,0
DA:296,1
DA:310,1
DA:314,1
DA:315,1
DA:316,1
DA:319,3
DA:331,2
DA:335,2
DA:338,2
DA:339,4
DA:340,2
DA:341,2
DA:342,2
DA:348,2
DA:349,4
DA:351,2
DA:353,2
DA:354,2
DA:357,2
DA:360,3
DA:362,2
DA:363,2
DA:364,1
DA:374,0
DA:379,0
DA:380,0
DA:381,0
DA:382,0
DA:383,0
DA:384,0
DA:386,0
DA:387,0
DA:388,0
DA:390,0
DA:393,0
DA:402,0
DA:404,0
DA:406,0
DA:407,0
DA:409,0
DA:410,0
DA:412,0
DA:414,0
DA:431,0
DA:433,0
DA:434,0
DA:436,0
DA:437,0
DA:439,0
DA:440,0
DA:442,0
DA:443,0
DA:444,0
DA:460,0
DA:466,0
DA:467,0
DA:468,0
DA:469,0
DA:470,0
DA:471,0
DA:472,0
DA:473,0
DA:476,0
DA:479,0
DA:485,0
DA:497,1
DA:500,2
DA:502,3
DA:503,2
DA:506,1
DA:508,1
DA:509,2
DA:512,3
DA:513,1
DA:520,2
DA:521,1
DA:522,1
DA:523,1
DA:524,1
DA:525,1
DA:526,1
DA:532,0
DA:535,0
DA:536,0
DA:537,0
DA:538,0
DA:540,0
DA:541,0
DA:542,0
DA:543,0
DA:549,0
DA:552,0
DA:566,0
DA:567,0
DA:568,0
DA:569,0
DA:570,0
DA:571,0
DA:572,0
DA:573,0
DA:574,0
DA:575,0
DA:577,0
DA:587,1
DA:588,2
DA:590,1
DA:591,1
DA:599,1
DA:600,1
DA:601,2
DA:603,1
DA:604,1
DA:623,1
DA:628,2
DA:629,1
DA:630,2
DA:631,1
DA:632,1
DA:637,0
DA:638,0
DA:639,0
DA:658,1
DA:659,2
DA:660,3
DA:662,2
DA:667,2
DA:668,2
DA:678,2
DA:682,2
DA:683,3
DA:685,2
DA:686,2
DA:688,4
DA:694,2
DA:695,2
DA:697,6
DA:698,2
DA:700,2
DA:701,4
DA:703,6
DA:704,2
DA:705,10
DA:708,6
LF:224
LH:134
end_of_record
SF:lib\features\workouts\domain\pr_row_state.dart
DA:100,15
DA:104,5
DA:115,18
DA:116,36
DA:117,36
DA:124,19
DA:125,38
DA:126,38
DA:128,0
DA:131,0
DA:132,0
DA:133,0
DA:135,0
DA:136,0
DA:138,0
DA:139,0
DA:142,0
DA:143,0
DA:144,0
DA:145,0
DA:150,0
DA:154,0
DA:155,0
LF:23
LH:8
end_of_record
SF:lib\features\workouts\domain\pr_row_state_resolver.dart
DA:62,1
DA:71,1
DA:76,4
DA:94,15
DA:99,15
DA:106,15
DA:107,15
DA:108,35
DA:110,15
DA:112,15
DA:113,8
DA:123,15
DA:124,45
DA:130,15
DA:131,15
DA:137,15
DA:139,45
DA:140,15
DA:144,30
DA:145,2
DA:146,1
DA:151,15
DA:155,14
DA:156,14
DA:157,14
DA:161,28
DA:163,14
DA:173,5
DA:174,5
DA:175,1
DA:179,5
DA:180,5
DA:186,5
DA:187,3
DA:193,10
DA:197,5
DA:198,10
DA:199,15
DA:213,20
DA:214,5
DA:215,5
DA:216,5
DA:217,5
DA:218,30
DA:222,10
DA:223,5
DA:225,18
DA:226,3
DA:227,3
DA:228,6
DA:229,3
DA:230,3
DA:231,3
DA:233,3
DA:236,3
DA:241,5
DA:244,5
DA:249,4
DA:253,15
DA:259,4
DA:273,15
DA:277,18
DA:278,9
DA:284,15
DA:286,15
DA:288,15
DA:289,15
DA:290,14
DA:291,14
DA:300,15
DA:306,15
DA:307,14
DA:310,30
DA:311,15
DA:312,15
DA:313,15
DA:314,45
LF:77
LH:77
end_of_record
SF:lib\features\workouts\models\set_type.dart
DA:7,1
DA:8,1
DA:9,1
DA:10,1
DA:11,1
DA:26,0
DA:31,0
DA:32,0
DA:33,0
DA:34,0
DA:37,19
DA:38,76
LF:12
LH:7
end_of_record
SF:lib\features\workouts\models\weight_unit.dart
DA:5,3
DA:7,1
DA:8,1
DA:9,1
DA:12,20
DA:13,80
LF:6
LH:6
end_of_record
SF:lib\features\workouts\providers\notifiers\active_workout_notifier.dart
DA:160,1
DA:162,2
DA:164,18
DA:166,72
DA:167,72
DA:168,36
DA:203,2
DA:204,2
DA:205,2
DA:206,2
DA:207,2
DA:211,3
DA:216,2
DA:220,10
DA:221,38
DA:225,8
DA:240,7
DA:248,1
DA:249,2
DA:251,1
DA:252,3
DA:253,3
DA:254,1
DA:294,1
DA:295,2
DA:297,1
DA:298,3
DA:299,3
DA:300,1
DA:301,1
DA:302,4
DA:303,1
DA:304,1
DA:311,2
DA:312,2
DA:313,2
DA:314,2
DA:315,2
DA:316,2
DA:317,2
DA:326,4
DA:327,4
DA:328,2
DA:329,4
DA:331,2
DA:333,2
DA:337,2
DA:338,2
DA:339,2
DA:342,2
DA:347,4
DA:352,2
DA:361,1
DA:362,1
DA:366,2
DA:370,5
DA:371,5
DA:372,5
DA:373,5
DA:374,5
DA:375,5
DA:376,5
DA:378,10
DA:379,10
DA:380,5
DA:381,6
DA:383,3
DA:387,15
DA:388,6
DA:389,12
DA:390,3
DA:393,3
DA:394,12
DA:395,6
DA:396,3
DA:398,3
DA:400,3
DA:401,3
DA:403,3
DA:404,3
DA:410,9
DA:411,1
DA:412,1
DA:415,1
DA:416,1
DA:417,1
DA:418,1
DA:419,1
DA:438,6
DA:439,12
DA:440,3
DA:441,3
DA:442,6
DA:445,9
DA:449,3
DA:450,9
DA:452,6
DA:455,3
DA:456,3
DA:458,3
DA:465,6
DA:466,6
DA:469,6
DA:473,3
DA:474,3
DA:478,3
DA:481,3
DA:485,3
DA:487,3
DA:488,3
DA:489,3
DA:490,6
DA:491,3
DA:492,6
DA:495,3
DA:496,3
DA:497,3
DA:503,5
DA:509,1
DA:510,1
DA:514,5
DA:518,1
DA:519,2
DA:521,2
DA:522,5
DA:524,3
DA:541,2
DA:542,2
DA:543,8
DA:547,2
DA:550,4
DA:551,4
DA:552,2
DA:585,3
DA:586,6
DA:589,3
DA:590,3
DA:592,6
DA:593,3
DA:594,6
DA:602,6
DA:603,1
DA:606,1
DA:607,2
DA:608,1
DA:612,3
DA:616,3
DA:618,3
DA:622,6
DA:623,9
DA:625,6
DA:626,3
DA:637,2
DA:643,2
DA:644,2
DA:650,4
DA:665,3
DA:669,12
DA:670,3
DA:674,12
DA:682,6
DA:683,9
DA:684,3
DA:689,7
DA:694,3
DA:700,2
DA:701,2
DA:702,2
DA:709,3
DA:710,3
DA:723,3
DA:724,3
DA:731,6
DA:736,1
DA:737,2
DA:740,1
DA:741,5
DA:742,1
DA:745,1
DA:746,1
DA:747,3
DA:748,3
DA:751,1
DA:753,2
DA:754,2
DA:755,1
DA:769,1
DA:770,1
DA:777,1
DA:782,2
DA:785,2
DA:786,3
DA:787,3
DA:789,1
DA:790,1
DA:792,3
DA:797,2
DA:800,5
DA:801,1
DA:803,2
DA:804,1
DA:808,2
DA:817,4
DA:820,4
DA:821,6
DA:822,6
DA:824,4
DA:825,6
DA:826,4
DA:827,4
DA:828,2
DA:829,2
DA:830,2
DA:831,1
DA:832,2
DA:834,2
DA:836,2
DA:838,4
DA:839,2
DA:873,2
DA:879,4
DA:882,4
DA:883,6
DA:884,6
DA:888,10
DA:889,2
DA:891,2
DA:892,8
DA:893,4
DA:894,2
DA:896,1
DA:899,2
DA:901,6
DA:908,2
DA:909,3
DA:923,2
DA:925,3
DA:928,2
DA:929,3
DA:932,6
DA:934,4
DA:935,2
DA:939,4
DA:940,2
DA:944,3
DA:945,6
DA:948,6
DA:949,9
DA:950,9
DA:952,6
DA:953,9
DA:954,6
DA:955,9
DA:956,3
DA:958,3
DA:960,6
DA:961,3
DA:971,1
DA:977,2
DA:980,2
DA:981,3
DA:982,3
DA:983,1
DA:985,2
DA:986,2
DA:987,0
DA:988,1
DA:989,1
DA:992,1
DA:994,2
DA:995,1
DA:1002,1
DA:1003,2
DA:1006,2
DA:1007,3
DA:1008,3
DA:1009,1
DA:1011,2
DA:1012,3
DA:1014,1
DA:1016,2
DA:1017,1
DA:1030,2
DA:1031,4
DA:1040,2
DA:1041,10
DA:1042,2
DA:1044,10
DA:1045,2
DA:1046,6
DA:1050,4
DA:1051,6
DA:1052,6
DA:1054,12
DA:1055,2
DA:1056,10
DA:1057,2
DA:1059,4
DA:1060,2
DA:1062,4
DA:1063,2
DA:1088,1
DA:1092,2
DA:1097,3
DA:1099,2
DA:1100,3
DA:1101,3
DA:1103,2
DA:1107,1
DA:1109,1
DA:1111,1
DA:1114,1
DA:1115,5
DA:1116,1
DA:1118,2
DA:1119,1
DA:1122,2
DA:1123,1
DA:1137,3
DA:1141,2
DA:1142,4
DA:1145,4
DA:1146,6
DA:1147,6
DA:1149,10
DA:1150,2
DA:1152,6
DA:1153,8
DA:1154,2
DA:1155,2
DA:1158,4
DA:1159,2
DA:1160,4
DA:1161,2
DA:1162,6
DA:1165,2
DA:1167,4
DA:1168,2
DA:1180,1
DA:1181,2
DA:1184,2
DA:1185,3
DA:1186,3
DA:1190,2
DA:1191,1
DA:1193,3
DA:1210,2
DA:1211,3
DA:1215,1
DA:1216,2
DA:1217,1
DA:1218,1
DA:1223,1
DA:1225,1
DA:1227,2
DA:1228,1
DA:1234,1
DA:1235,4
DA:1236,2
DA:1239,2
DA:1240,1
DA:1241,4
DA:1243,1
DA:1245,1
DA:1246,3
DA:1249,1
DA:1250,1
DA:1251,3
DA:1252,3
DA:1254,3
DA:1255,3
DA:1258,2
DA:1259,2
DA:1260,1
DA:1275,2
DA:1279,4
DA:1282,4
DA:1284,4
DA:1285,6
DA:1286,6
DA:1289,7
DA:1290,6
DA:1291,2
DA:1296,2
DA:1301,1
DA:1302,4
DA:1303,1
DA:1304,2
DA:1305,1
DA:1309,4
DA:1315,2
DA:1317,4
DA:1318,2
DA:1322,1
DA:1323,2
DA:1325,1
DA:1326,1
DA:1327,1
DA:1328,1
DA:1341,1
DA:1342,2
DA:1352,5
DA:1357,2
DA:1363,2
DA:1365,1
DA:1366,1
DA:1367,3
DA:1368,1
DA:1369,1
DA:1370,3
DA:1371,3
DA:1372,1
DA:1373,2
DA:1374,1
DA:1375,1
DA:1378,2
DA:1382,3
DA:1387,1
DA:1398,1
DA:1399,1
DA:1405,1
DA:1407,1
DA:1408,1
DA:1424,1
DA:1425,2
DA:1427,1
DA:1428,1
DA:1429,3
DA:1430,1
DA:1431,1
DA:1432,1
DA:1433,2
DA:1437,1
DA:1438,2
DA:1439,2
DA:1485,0
DA:1486,0
DA:1487,0
DA:1496,0
DA:1497,0
DA:1498,0
DA:1507,0
DA:1508,0
DA:1509,0
DA:1526,4
DA:1527,8
DA:1529,4
DA:1530,4
DA:1531,4
DA:1532,4
DA:1533,4
DA:1534,4
DA:1535,4
DA:1563,16
DA:1564,4
DA:1565,8
DA:1566,4
DA:1567,0
DA:1568,0
DA:1571,4
DA:1600,4
DA:1601,32
DA:1603,16
DA:1604,4
DA:1616,13
DA:1617,6
DA:1618,4
DA:1621,16
DA:1622,4
DA:1623,4
DA:1625,4
DA:1637,8
DA:1638,8
DA:1640,12
DA:1641,4
DA:1644,12
DA:1656,12
DA:1657,4
DA:1658,16
DA:1662,8
DA:1672,4
DA:1688,6
DA:1710,4
DA:1713,4
DA:1714,2
DA:1718,8
DA:1719,4
DA:1733,4
DA:1734,2
DA:1741,4
DA:1742,4
DA:1743,4
DA:1744,4
DA:1745,8
DA:1746,8
DA:1747,4
DA:1749,4
DA:1750,8
DA:1757,4
DA:1760,4
DA:1761,8
DA:1762,4
DA:1763,4
DA:1764,4
DA:1765,4
DA:1766,4
DA:1769,4
DA:1776,16
DA:1780,10
DA:1790,4
DA:1791,12
DA:1792,4
DA:1793,4
DA:1794,4
DA:1799,4
DA:1804,12
DA:1805,12
DA:1807,4
DA:1812,8
DA:1834,9
DA:1835,9
DA:1836,3
DA:1846,12
DA:1847,12
DA:1851,16
DA:1854,4
DA:1857,1
DA:1859,1
DA:1860,2
DA:1863,1
DA:1864,2
DA:1866,1
DA:1876,12
DA:1877,1
DA:1881,3
DA:1883,1
DA:1884,1
DA:1895,1
DA:1916,1
DA:1917,3
DA:1918,1
DA:1919,1
DA:1920,1
DA:1921,1
DA:1922,3
DA:1923,1
DA:1924,1
DA:1926,2
DA:1945,3
DA:1946,4
DA:1947,1
DA:1948,2
DA:1950,1
DA:1954,2
DA:1959,1
DA:1960,1
DA:1961,1
DA:1963,3
DA:1964,1
DA:1965,1
DA:1975,0
DA:1981,1
DA:1986,1
DA:1989,2
DA:1990,3
DA:1991,5
DA:1992,1
DA:1994,1
DA:1997,1
DA:1998,6
DA:2010,12
DA:2011,8
DA:2039,12
DA:2058,16
DA:2059,4
DA:2060,16
DA:2061,4
DA:2062,2
DA:2063,8
DA:2064,4
DA:2065,4
DA:2067,4
DA:2076,4
DA:2077,4
DA:2083,8
DA:2087,4
DA:2099,1
DA:2100,1
DA:2106,4
DA:2108,4
DA:2109,4
DA:2118,4
DA:2149,3
DA:2160,3
DA:2161,9
DA:2162,3
DA:2163,9
DA:2167,12
DA:2169,0
DA:2174,0
DA:2183,0
DA:2184,0
DA:2185,0
DA:2186,0
DA:2187,0
DA:2188,0
DA:2189,0
DA:2190,0
DA:2193,0
DA:2194,0
DA:2196,0
DA:2197,0
DA:2201,0
DA:2208,0
DA:2210,0
DA:2213,0
DA:2217,9
DA:2218,3
DA:2226,8
DA:2228,16
DA:2232,0
DA:2233,0
DA:2251,8
DA:2256,24
DA:2257,8
DA:2258,8
DA:2259,8
DA:2261,8
DA:2262,8
DA:2265,8
DA:2273,84
DA:2274,42
LF:632
LH:599
end_of_record
SF:lib\features\workouts\utils\cardio_format.dart
DA:23,7
DA:24,7
DA:25,7
DA:26,7
DA:27,21
DA:36,5
DA:37,5
DA:38,5
DA:39,5
DA:40,5
DA:41,10
DA:42,10
DA:43,10
DA:45,15
DA:46,8
DA:48,4
DA:49,4
DA:50,4
DA:57,7
DA:58,7
DA:61,4
DA:62,9
DA:65,4
DA:66,9
DA:71,4
DA:76,4
DA:77,4
DA:88,1
DA:89,1
DA:90,1
DA:91,2
DA:93,1
DA:94,1
DA:95,1
DA:96,3
DA:102,2
DA:106,2
DA:109,1
DA:110,1
DA:116,4
DA:117,8
DA:118,4
DA:119,4
DA:120,4
DA:121,4
LF:45
LH:45
end_of_record
SF:lib\features\workouts\utils\set_defaults.dart
DA:9,6
DA:14,6
DA:15,6
DA:18,3
DA:19,2
DA:22,6
DA:23,2
DA:26,3
DA:27,1
DA:28,1
DA:29,1
LF:11
LH:11
end_of_record
SF:lib\features\workouts\providers\notifiers\rest_timer_notifier.dart
DA:8,2
DA:21,5
DA:22,35
DA:24,2
DA:30,2
DA:31,1
DA:32,0
DA:33,2
DA:34,2
DA:38,4
DA:41,2
DA:42,6
DA:43,6
DA:44,3
DA:45,3
DA:47,0
DA:49,0
DA:51,0
DA:52,0
DA:53,0
DA:54,0
DA:70,1
DA:76,1
DA:77,1
DA:78,2
DA:79,3
DA:80,1
DA:81,2
DA:87,3
DA:90,1
DA:91,1
DA:92,1
DA:94,0
DA:97,4
DA:98,4
DA:99,1
DA:100,2
DA:101,2
DA:104,2
DA:111,1
DA:112,1
DA:113,1
DA:115,4
DA:116,3
DA:117,2
DA:118,1
DA:119,2
DA:126,2
DA:127,3
DA:128,2
DA:129,2
DA:133,2
DA:134,3
DA:135,2
DA:136,2
DA:141,51
LF:56
LH:48
end_of_record
SF:lib\l10n\app_localizations_en.dart
DA:9,290
DA:11,2
DA:14,2
DA:17,2
DA:20,0
DA:23,3
DA:26,5
DA:29,3
DA:32,1
DA:35,4
DA:38,1
DA:41,1
DA:44,1
DA:47,1
DA:50,2
DA:53,10
DA:56,1
DA:59,1
DA:62,1
DA:65,1
DA:68,4
DA:71,1
DA:74,4
DA:78,2
DA:81,2
DA:84,1
DA:88,1
DA:91,1
DA:94,1
DA:97,1
DA:100,1
DA:103,1
DA:107,1
DA:110,1
DA:114,1
DA:118,1
DA:122,1
DA:126,1
DA:129,1
DA:132,1
DA:135,1
DA:138,1
DA:141,1
DA:144,0
DA:147,0
DA:150,0
DA:153,0
DA:156,2
DA:159,2
DA:162,2
DA:164,2
DA:166,2
DA:167,2
DA:170,2
DA:173,7
DA:176,23
DA:179,2
DA:182,2
DA:185,1
DA:188,3
DA:191,1
DA:194,0
DA:197,3
DA:200,0
DA:203,3
DA:206,0
DA:209,2
DA:212,6
DA:215,2
DA:218,1
DA:221,1
DA:224,1
DA:227,0
DA:230,7
DA:233,2
DA:236,0
DA:239,0
DA:242,1
DA:245,1
DA:248,7
DA:251,0
DA:254,0
DA:257,0
DA:260,0
DA:263,0
DA:266,7
DA:269,7
DA:272,7
DA:275,5
DA:278,5
DA:281,1
DA:284,2
DA:287,3
DA:290,1
DA:293,2
DA:296,1
DA:299,7
DA:302,7
DA:305,5
DA:308,5
DA:311,7
DA:314,1
DA:317,3
DA:321,0
DA:323,0
DA:326,0
DA:328,0
DA:331,3
DA:334,5
DA:337,2
DA:339,2
DA:342,0
DA:344,0
DA:347,0
DA:349,0
DA:352,23
DA:355,17
DA:358,15
DA:361,17
DA:364,15
DA:367,15
DA:370,6
DA:373,5
DA:376,3
DA:379,2
DA:382,2
DA:385,2
DA:388,2
DA:391,2
DA:394,19
DA:397,3
DA:400,3
DA:403,3
DA:406,4
DA:409,3
DA:412,2
DA:415,1
DA:418,1
DA:421,7
DA:424,7
DA:427,0
DA:430,1
DA:433,1
DA:436,1
DA:439,1
DA:442,1
DA:445,2
DA:449,1
DA:452,1
DA:454,1
DA:457,0
DA:460,7
DA:463,5
DA:466,7
DA:469,7
DA:472,10
DA:475,7
DA:478,10
DA:481,1
DA:485,1
DA:489,2
DA:493,1
DA:497,1
DA:501,1
DA:505,2
DA:508,1
DA:512,2
DA:515,2
DA:518,2
DA:521,1
DA:524,2
DA:528,0
DA:531,2
DA:534,2
DA:537,3
DA:540,3
DA:544,3
DA:547,2
DA:550,2
DA:553,6
DA:556,2
DA:559,2
DA:562,2
DA:565,2
DA:568,1
DA:571,1
DA:575,1
DA:579,1
DA:582,1
DA:585,1
DA:587,1
DA:590,2
DA:593,2
DA:596,2
DA:599,4
DA:602,4
DA:605,0
DA:608,3
DA:610,3
DA:613,3
DA:616,4
DA:619,4
DA:622,4
DA:625,8
DA:626,4
DA:628,4
DA:630,4
DA:631,4
DA:635,4
DA:638,4
DA:641,1
DA:644,3
DA:647,2
DA:649,2
DA:652,4
DA:655,5
DA:658,1
DA:660,1
DA:663,1
DA:665,1
DA:668,3
DA:671,6
DA:672,3
DA:674,3
DA:676,3
DA:677,3
DA:680,3
DA:683,1
DA:686,2
DA:687,1
DA:689,1
DA:691,1
DA:692,1
DA:695,1
DA:698,1
DA:701,2
DA:704,2
DA:707,0
DA:710,1
DA:713,0
DA:716,0
DA:719,0
DA:722,0
DA:725,0
DA:728,4
DA:731,0
DA:734,0
DA:737,0
DA:739,0
DA:742,3
DA:744,3
DA:747,1
DA:751,1
DA:755,4
DA:758,1
DA:761,1
DA:764,1
DA:767,1
DA:770,1
DA:773,1
DA:776,1
DA:779,1
DA:782,1
DA:785,3
DA:788,1
DA:791,0
DA:793,0
DA:796,0
DA:799,1
DA:802,1
DA:805,0
DA:807,0
DA:810,0
DA:813,0
DA:816,0
DA:819,0
DA:822,0
DA:825,0
DA:829,0
DA:832,0
DA:835,0
DA:838,0
DA:841,0
DA:844,0
DA:847,3
DA:850,4
DA:853,0
DA:856,0
DA:859,2
DA:862,2
DA:865,4
DA:868,15
DA:871,2
DA:873,2
DA:875,2
DA:876,2
DA:879,2
DA:882,0
DA:885,0
DA:888,0
DA:890,0
DA:893,0
DA:897,1
DA:900,0
DA:904,0
DA:908,16
DA:911,15
DA:914,16
DA:917,1
DA:920,0
DA:922,0
DA:925,5
DA:928,5
DA:930,5
DA:933,4
DA:936,2
DA:938,2
DA:940,2
DA:941,2
DA:944,2
DA:947,1
DA:951,4
DA:954,4
DA:957,2
DA:960,1
DA:963,2
DA:965,2
DA:968,1
DA:970,1
DA:973,1
DA:976,1
DA:979,4
DA:981,4
DA:984,4
DA:987,4
DA:990,4
DA:993,0
DA:996,1
DA:998,1
DA:1000,1
DA:1001,1
DA:1004,1
DA:1007,1
DA:1009,1
DA:1012,0
DA:1014,0
DA:1017,1
DA:1020,0
DA:1023,1
DA:1026,1
DA:1030,1
DA:1033,0
DA:1036,0
DA:1039,0
DA:1042,1
DA:1045,1
DA:1048,1
DA:1050,1
DA:1053,1
DA:1056,1
DA:1058,1
DA:1061,1
DA:1064,0
DA:1067,1
DA:1070,1
DA:1073,3
DA:1076,1
DA:1079,1
DA:1083,1
DA:1086,3
DA:1089,1
DA:1092,2
DA:1095,2
DA:1099,1
DA:1102,1
DA:1105,1
DA:1108,1
DA:1111,1
DA:1114,1
DA:1117,1
DA:1120,1
DA:1123,1
DA:1125,1
DA:1128,1
DA:1131,0
DA:1133,0
DA:1136,1
DA:1139,1
DA:1142,1
DA:1145,1
DA:1147,1
DA:1150,9
DA:1152,9
DA:1154,9
DA:1155,9
DA:1158,9
DA:1161,3
DA:1164,3
DA:1167,1
DA:1170,1
DA:1173,3
DA:1176,3
DA:1179,3
DA:1182,3
DA:1185,3
DA:1188,3
DA:1191,3
DA:1194,3
DA:1197,3
DA:1201,1
DA:1204,1
DA:1207,1
DA:1210,1
DA:1212,1
DA:1215,1
DA:1218,1
DA:1221,1
DA:1224,1
DA:1228,1
DA:1231,1
DA:1233,1
DA:1236,1
DA:1239,1
DA:1242,1
DA:1245,1
DA:1248,1
DA:1250,1
DA:1253,1
DA:1256,1
DA:1260,1
DA:1263,1
DA:1266,1
DA:1269,1
DA:1271,1
DA:1274,1
DA:1278,1
DA:1281,1
DA:1284,1
DA:1286,1
DA:1289,1
DA:1293,1
DA:1296,1
DA:1299,1
DA:1302,1
DA:1306,1
DA:1309,1
DA:1312,1
DA:1314,1
DA:1317,1
DA:1320,3
DA:1323,3
DA:1326,3
DA:1328,3
DA:1331,0
DA:1335,6
DA:1338,5
DA:1341,3
DA:1345,1
DA:1347,1
DA:1350,1
DA:1353,0
DA:1357,1
DA:1360,1
DA:1363,1
DA:1366,2
DA:1369,0
DA:1372,1
DA:1375,1
DA:1379,1
DA:1382,0
DA:1385,0
DA:1388,0
DA:1391,0
DA:1394,2
DA:1397,2
DA:1400,0
DA:1403,0
DA:1406,0
DA:1409,0
DA:1411,0
DA:1414,0
DA:1416,0
DA:1419,0
DA:1422,0
DA:1425,0
DA:1428,0
DA:1432,0
DA:1435,0
DA:1438,1
DA:1441,0
DA:1444,4
DA:1447,0
DA:1450,4
DA:1452,4
DA:1454,4
DA:1455,4
DA:1458,4
DA:1461,4
DA:1464,1
DA:1467,1
DA:1470,0
DA:1473,2
DA:1476,0
DA:1479,0
DA:1481,0
DA:1484,0
DA:1486,0
DA:1489,2
DA:1491,2
DA:1494,1
DA:1497,1
DA:1499,1
DA:1502,1
DA:1505,0
DA:1508,2
DA:1511,2
DA:1513,2
DA:1515,2
DA:1516,2
DA:1519,2
DA:1522,1
DA:1525,0
DA:1528,1
DA:1531,0
DA:1534,0
DA:1537,1
DA:1539,1
DA:1542,1
DA:1544,1
DA:1547,1
DA:1551,1
DA:1555,1
DA:1558,1
DA:1561,1
DA:1565,1
DA:1568,1
DA:1571,4
DA:1573,4
DA:1576,1
DA:1578,1
DA:1581,0
DA:1584,0
DA:1587,1
DA:1590,2
DA:1593,7
DA:1596,2
DA:1599,1
DA:1602,11
DA:1605,1
DA:1608,1
DA:1611,1
DA:1614,16
DA:1617,17
DA:1620,1
DA:1622,1
DA:1625,1
DA:1631,1
DA:1633,1
DA:1637,1
DA:1640,1
DA:1643,0
DA:1645,0
DA:1648,2
DA:1651,2
DA:1654,2
DA:1657,2
DA:1659,2
DA:1662,1
DA:1665,1
DA:1668,2
DA:1671,2
DA:1674,2
DA:1677,1
DA:1680,1
DA:1683,1
DA:1685,1
DA:1688,1
DA:1691,1
DA:1693,1
DA:1696,1
DA:1698,1
DA:1701,1
DA:1703,1
DA:1706,1
DA:1708,1
DA:1711,18
DA:1713,18
DA:1716,6
DA:1718,6
DA:1721,6
DA:1725,18
DA:1728,6
DA:1731,18
DA:1734,16
DA:1737,2
DA:1740,1
DA:1743,16
DA:1745,16
DA:1748,2
DA:1752,10
DA:1755,0
DA:1758,0
DA:1760,0
DA:1763,19
DA:1766,0
DA:1769,2
DA:1772,2
DA:1775,2
DA:1778,4
DA:1780,4
DA:1783,1
DA:1786,1
DA:1788,1
DA:1791,0
DA:1794,0
DA:1797,1
DA:1800,0
DA:1804,0
DA:1806,0
DA:1809,0
DA:1811,0
DA:1814,1
DA:1816,1
DA:1819,1
DA:1822,0
DA:1825,0
DA:1828,0
DA:1831,0
DA:1834,0
DA:1837,0
DA:1840,0
DA:1843,0
DA:1846,3
DA:1849,4
DA:1852,2
DA:1855,2
DA:1859,2
DA:1862,2
DA:1866,2
DA:1868,2
DA:1871,2
DA:1875,2
DA:1878,2
DA:1881,2
DA:1884,1
DA:1887,0
DA:1890,0
DA:1893,0
DA:1896,0
DA:1899,0
DA:1902,0
DA:1905,0
DA:1908,0
DA:1910,0
DA:1913,0
DA:1915,0
DA:1918,0
DA:1920,0
DA:1923,0
DA:1925,0
DA:1928,0
DA:1931,0
DA:1934,0
DA:1937,1
DA:1940,11
DA:1943,11
DA:1947,10
DA:1950,0
DA:1952,0
DA:1954,0
DA:1955,0
DA:1958,0
DA:1961,0
DA:1964,0
DA:1967,0
DA:1971,0
DA:1973,0
DA:1976,0
DA:1978,0
DA:1981,0
DA:1983,0
DA:1986,0
DA:1989,0
DA:1992,0
DA:1995,0
DA:1998,0
DA:2001,0
DA:2004,0
DA:2007,0
DA:2010,0
DA:2013,1
DA:2015,1
DA:2018,0
DA:2020,0
DA:2023,0
DA:2025,0
DA:2028,0
DA:2030,0
DA:2033,0
DA:2036,0
DA:2039,0
DA:2041,0
DA:2044,0
DA:2047,0
DA:2050,1
DA:2053,0
DA:2056,0
DA:2059,0
DA:2062,0
DA:2065,1
DA:2068,0
DA:2071,0
DA:2073,0
DA:2076,0
DA:2078,0
DA:2081,0
DA:2083,0
DA:2086,0
DA:2088,0
DA:2091,0
DA:2093,0
DA:2096,0
DA:2098,0
DA:2101,0
DA:2103,0
DA:2106,0
DA:2110,1
DA:2114,1
DA:2118,0
DA:2121,0
DA:2125,0
DA:2128,0
DA:2132,1
DA:2135,1
DA:2139,0
DA:2142,0
DA:2145,0
DA:2148,0
DA:2152,0
DA:2155,0
DA:2159,0
DA:2162,0
DA:2166,0
DA:2169,0
DA:2173,0
DA:2176,0
DA:2180,0
DA:2183,0
DA:2187,0
DA:2190,0
DA:2194,0
DA:2197,0
DA:2201,0
DA:2204,0
DA:2208,0
DA:2211,0
DA:2215,0
DA:2218,0
DA:2222,0
DA:2225,0
DA:2229,0
DA:2232,0
DA:2236,0
DA:2239,0
DA:2242,0
DA:2245,0
DA:2249,0
DA:2252,0
DA:2256,0
DA:2259,0
DA:2263,0
DA:2266,0
DA:2269,0
DA:2272,0
DA:2276,0
DA:2279,0
DA:2283,0
DA:2286,0
DA:2290,0
DA:2293,0
DA:2297,0
DA:2300,0
DA:2304,0
DA:2307,0
DA:2311,0
DA:2314,0
DA:2318,0
DA:2321,0
DA:2325,0
DA:2328,0
DA:2332,0
DA:2335,0
DA:2339,0
DA:2342,0
DA:2346,0
DA:2349,0
DA:2353,0
DA:2356,0
DA:2360,0
DA:2363,0
DA:2367,0
DA:2370,0
DA:2374,0
DA:2377,0
DA:2381,0
DA:2384,0
DA:2388,0
DA:2391,0
DA:2395,0
DA:2398,0
DA:2402,0
DA:2405,0
DA:2409,0
DA:2412,0
DA:2416,0
DA:2419,0
DA:2423,0
DA:2426,0
DA:2430,0
DA:2433,0
DA:2437,0
DA:2440,0
DA:2444,0
DA:2447,0
DA:2451,0
DA:2454,0
DA:2458,0
DA:2461,0
DA:2465,0
DA:2468,0
DA:2472,0
DA:2475,0
DA:2479,0
DA:2482,0
DA:2485,0
DA:2488,0
DA:2492,0
DA:2495,0
DA:2499,0
DA:2502,0
DA:2506,0
DA:2509,0
DA:2513,0
DA:2516,0
DA:2519,0
DA:2522,0
DA:2526,0
DA:2529,0
DA:2533,0
DA:2536,0
DA:2540,0
DA:2543,0
DA:2547,0
DA:2550,0
DA:2554,0
DA:2557,0
DA:2561,0
DA:2564,0
DA:2568,0
DA:2571,0
DA:2575,0
DA:2578,0
DA:2582,0
DA:2585,0
DA:2589,0
DA:2592,0
DA:2595,0
DA:2598,0
DA:2602,0
DA:2605,0
DA:2609,0
DA:2612,0
DA:2615,0
DA:2618,0
DA:2622,0
DA:2625,0
DA:2629,0
DA:2632,0
DA:2636,0
DA:2639,0
DA:2643,0
DA:2646,0
DA:2650,0
DA:2653,0
DA:2657,0
DA:2660,0
DA:2664,0
DA:2667,0
DA:2671,0
DA:2674,0
DA:2678,0
DA:2681,0
DA:2685,0
DA:2688,0
DA:2692,0
DA:2695,0
DA:2699,1
DA:2702,1
DA:2706,0
DA:2709,0
DA:2713,0
DA:2716,0
DA:2720,1
DA:2723,1
DA:2727,0
DA:2730,0
DA:2734,0
DA:2737,0
DA:2741,0
DA:2744,0
DA:2748,0
DA:2751,0
DA:2755,0
DA:2758,0
DA:2762,0
DA:2765,0
DA:2769,0
DA:2772,0
DA:2776,0
DA:2779,0
DA:2783,0
DA:2786,0
DA:2790,0
DA:2793,0
DA:2797,0
DA:2800,0
DA:2804,0
DA:2807,0
DA:2811,0
DA:2814,0
DA:2818,0
DA:2821,0
DA:2825,0
DA:2828,0
DA:2832,0
DA:2835,0
DA:2839,0
DA:2842,0
DA:2846,20
DA:2849,20
DA:2852,20
DA:2855,20
DA:2858,20
DA:2860,20
DA:2863,20
DA:2865,20
DA:2868,4
DA:2871,12
DA:2873,12
DA:2876,2
DA:2878,2
DA:2881,1
DA:2884,0
DA:2887,1
DA:2890,1
DA:2893,0
DA:2896,0
DA:2899,1
DA:2902,1
DA:2905,0
DA:2908,0
DA:2911,2
DA:2914,2
DA:2917,1
DA:2921,2
DA:2924,2
DA:2927,2
DA:2930,4
DA:2931,2
DA:2933,2
DA:2935,2
DA:2936,2
DA:2940,2
DA:2943,2
DA:2946,1
DA:2948,1
DA:2951,2
DA:2954,0
DA:2957,4
DA:2960,1
DA:2963,0
DA:2966,2
DA:2969,1
DA:2971,1
DA:2974,3
DA:2977,0
DA:2980,0
DA:2982,0
DA:2985,0
DA:2988,0
DA:2991,0
DA:2993,0
DA:2996,0
DA:2999,0
DA:3002,1
DA:3005,0
DA:3007,0
DA:3010,3
DA:3012,3
DA:3015,0
DA:3018,3
DA:3020,3
DA:3023,3
DA:3025,3
DA:3028,3
DA:3031,3
DA:3033,3
DA:3036,0
DA:3038,0
DA:3041,1
DA:3044,1
DA:3047,1
DA:3050,3
DA:3053,3
DA:3056,0
DA:3059,3
DA:3062,3
DA:3065,3
DA:3068,3
DA:3071,3
DA:3074,3
DA:3077,3
DA:3080,3
DA:3084,3
DA:3088,3
DA:3091,4
DA:3094,0
DA:3097,1
DA:3100,1
DA:3103,1
DA:3106,1
DA:3109,0
DA:3112,0
DA:3114,0
DA:3117,5
DA:3120,1
DA:3123,0
DA:3127,5
DA:3130,3
DA:3133,3
DA:3136,0
DA:3138,0
DA:3140,0
DA:3141,0
DA:3144,0
DA:3147,3
DA:3149,3
DA:3152,0
DA:3154,0
DA:3157,3
DA:3160,1
DA:3163,1
DA:3166,1
DA:3169,3
DA:3172,3
DA:3175,0
DA:3177,0
DA:3180,3
DA:3184,1
DA:3187,1
DA:3190,1
DA:3193,1
DA:3196,0
DA:3199,0
DA:3202,0
DA:3205,0
DA:3208,0
DA:3212,3
DA:3214,3
DA:3217,1
DA:3221,1
DA:3223,1
DA:3226,1
DA:3228,1
DA:3231,1
DA:3233,1
DA:3236,1
DA:3238,1
DA:3240,1
DA:3241,1
DA:3244,1
DA:3247,1
DA:3249,1
DA:3252,1
DA:3254,1
DA:3256,1
DA:3257,1
DA:3260,1
DA:3263,1
DA:3266,4
DA:3269,4
DA:3273,5
DA:3276,1
DA:3279,1
DA:3283,1
DA:3286,4
DA:3289,4
DA:3293,4
DA:3296,1
DA:3300,1
DA:3303,1
DA:3306,1
DA:3309,4
DA:3312,2
DA:3314,2
DA:3317,2
DA:3320,2
DA:3323,0
DA:3326,0
DA:3329,0
DA:3332,0
DA:3335,0
DA:3338,3
DA:3341,2
DA:3344,2
DA:3347,1
DA:3350,3
DA:3353,1
DA:3356,1
DA:3359,1
DA:3362,2
DA:3365,2
DA:3368,2
DA:3372,2
DA:3375,2
DA:3378,2
DA:3380,2
DA:3383,1
DA:3385,1
DA:3388,2
DA:3391,4
DA:3394,4
DA:3397,4
DA:3400,4
DA:3403,3
DA:3406,3
DA:3409,3
DA:3412,3
DA:3415,3
DA:3418,3
DA:3420,3
DA:3423,2
DA:3426,2
DA:3429,1
DA:3432,1
DA:3436,1
DA:3438,1
DA:3441,5
DA:3444,4
DA:3447,1
DA:3449,1
DA:3452,2
DA:3456,2
DA:3459,2
DA:3462,2
DA:3464,2
DA:3467,4
DA:3469,4
DA:3472,1
DA:3476,1
DA:3479,1
LF:1161
LH:707
end_of_record
SF:lib\l10n\app_localizations_pt.dart
DA:9,58
DA:11,1
DA:14,1
DA:17,1
DA:20,1
DA:23,0
DA:26,1
DA:29,1
DA:32,0
DA:35,2
DA:38,0
DA:41,0
DA:44,0
DA:47,0
DA:50,1
DA:53,2
DA:56,0
DA:59,0
DA:62,0
DA:65,0
DA:68,0
DA:71,0
DA:75,1
DA:79,0
DA:82,0
DA:85,0
DA:89,0
DA:92,1
DA:95,1
DA:98,1
DA:101,1
DA:104,1
DA:108,1
DA:111,1
DA:115,1
DA:119,1
DA:122,1
DA:126,1
DA:129,0
DA:132,0
DA:135,0
DA:138,0
DA:141,0
DA:144,0
DA:147,0
DA:150,0
DA:153,0
DA:156,0
DA:159,0
DA:162,0
DA:164,0
DA:166,0
DA:167,0
DA:170,0
DA:173,2
DA:176,2
DA:179,0
DA:182,0
DA:185,0
DA:188,0
DA:191,0
DA:194,0
DA:197,0
DA:200,0
DA:203,0
DA:206,0
DA:209,0
DA:212,0
DA:215,0
DA:218,0
DA:221,0
DA:224,0
DA:227,0
DA:230,1
DA:233,1
DA:236,0
DA:239,0
DA:242,0
DA:245,0
DA:248,0
DA:251,0
DA:254,0
DA:257,0
DA:260,0
DA:263,0
DA:266,0
DA:269,0
DA:272,0
DA:275,0
DA:278,0
DA:281,0
DA:284,0
DA:287,0
DA:290,0
DA:293,0
DA:296,0
DA:299,0
DA:302,0
DA:305,0
DA:308,0
DA:311,0
DA:314,0
DA:317,0
DA:321,0
DA:323,0
DA:326,0
DA:328,0
DA:331,0
DA:334,0
DA:337,0
DA:339,0
DA:342,0
DA:344,0
DA:347,0
DA:349,0
DA:352,5
DA:355,4
DA:358,5
DA:361,3
DA:364,3
DA:367,3
DA:370,0
DA:373,0
DA:376,0
DA:379,0
DA:382,0
DA:385,0
DA:388,0
DA:391,0
DA:394,2
DA:397,1
DA:400,1
DA:403,1
DA:406,0
DA:409,0
DA:412,0
DA:415,0
DA:418,0
DA:421,0
DA:424,0
DA:427,0
DA:430,0
DA:433,0
DA:436,0
DA:439,0
DA:442,0
DA:445,0
DA:449,0
DA:452,0
DA:454,0
DA:457,0
DA:461,0
DA:464,0
DA:467,0
DA:470,0
DA:473,0
DA:476,0
DA:479,0
DA:482,0
DA:486,0
DA:490,0
DA:494,0
DA:498,0
DA:502,0
DA:506,0
DA:509,0
DA:513,0
DA:516,0
DA:519,0
DA:522,0
DA:525,0
DA:529,0
DA:532,0
DA:535,0
DA:538,0
DA:541,0
DA:545,0
DA:548,0
DA:551,0
DA:554,0
DA:557,0
DA:560,0
DA:563,0
DA:567,0
DA:570,0
DA:573,0
DA:577,0
DA:581,0
DA:584,0
DA:588,0
DA:590,0
DA:593,0
DA:596,0
DA:599,0
DA:602,2
DA:605,2
DA:608,1
DA:611,2
DA:613,2
DA:616,2
DA:619,2
DA:622,2
DA:625,0
DA:628,0
DA:629,0
DA:631,0
DA:633,0
DA:634,0
DA:638,0
DA:641,0
DA:644,0
DA:647,0
DA:651,0
DA:653,0
DA:656,0
DA:659,0
DA:663,0
DA:665,0
DA:668,0
DA:670,0
DA:673,0
DA:676,0
DA:677,0
DA:679,0
DA:681,0
DA:682,0
DA:685,0
DA:688,0
DA:691,0
DA:692,0
DA:694,0
DA:696,0
DA:697,0
DA:700,0
DA:703,0
DA:706,0
DA:709,0
DA:712,0
DA:715,0
DA:718,0
DA:721,0
DA:724,0
DA:727,0
DA:730,0
DA:733,2
DA:736,0
DA:739,0
DA:742,0
DA:744,0
DA:747,2
DA:749,2
DA:752,0
DA:756,0
DA:760,0
DA:763,0
DA:766,0
DA:769,0
DA:773,0
DA:776,0
DA:779,0
DA:782,0
DA:785,0
DA:788,0
DA:791,0
DA:794,0
DA:797,0
DA:799,0
DA:802,0
DA:805,0
DA:808,0
DA:811,0
DA:813,0
DA:816,0
DA:819,0
DA:822,0
DA:825,0
DA:828,0
DA:831,0
DA:835,0
DA:838,0
DA:841,0
DA:844,0
DA:847,0
DA:850,0
DA:853,0
DA:856,0
DA:859,0
DA:862,0
DA:865,0
DA:868,0
DA:871,0
DA:874,0
DA:877,0
DA:879,0
DA:881,0
DA:882,0
DA:885,0
DA:888,0
DA:891,0
DA:894,0
DA:896,0
DA:899,0
DA:903,0
DA:906,0
DA:910,0
DA:914,0
DA:917,0
DA:920,0
DA:923,0
DA:926,0
DA:928,0
DA:931,0
DA:934,0
DA:936,0
DA:939,0
DA:942,0
DA:944,0
DA:946,0
DA:947,0
DA:950,0
DA:953,0
DA:957,0
DA:960,0
DA:963,1
DA:966,0
DA:969,1
DA:971,1
DA:974,0
DA:976,0
DA:979,0
DA:982,0
DA:985,0
DA:987,0
DA:990,0
DA:993,0
DA:996,0
DA:999,0
DA:1002,0
DA:1004,0
DA:1006,0
DA:1007,0
DA:1010,0
DA:1013,0
DA:1015,0
DA:1018,0
DA:1020,0
DA:1023,0
DA:1026,0
DA:1029,0
DA:1032,0
DA:1036,0
DA:1039,0
DA:1042,0
DA:1045,0
DA:1048,0
DA:1051,0
DA:1054,0
DA:1056,0
DA:1059,0
DA:1062,0
DA:1064,0
DA:1067,0
DA:1070,0
DA:1073,0
DA:1076,0
DA:1079,0
DA:1082,0
DA:1085,0
DA:1089,0
DA:1092,0
DA:1095,0
DA:1098,0
DA:1101,0
DA:1105,0
DA:1108,0
DA:1111,0
DA:1114,0
DA:1117,0
DA:1120,0
DA:1123,0
DA:1126,0
DA:1129,0
DA:1131,0
DA:1134,0
DA:1137,0
DA:1139,0
DA:1142,0
DA:1145,0
DA:1148,0
DA:1151,0
DA:1153,0
DA:1156,0
DA:1158,0
DA:1160,0
DA:1161,0
DA:1164,0
DA:1167,0
DA:1170,0
DA:1173,0
DA:1176,0
DA:1179,0
DA:1182,0
DA:1185,0
DA:1188,0
DA:1191,0
DA:1194,0
DA:1197,0
DA:1200,0
DA:1203,0
DA:1207,0
DA:1210,0
DA:1213,0
DA:1216,0
DA:1218,0
DA:1221,0
DA:1224,0
DA:1227,0
DA:1230,0
DA:1234,0
DA:1237,0
DA:1239,0
DA:1242,0
DA:1245,0
DA:1248,0
DA:1251,0
DA:1254,0
DA:1256,0
DA:1259,0
DA:1262,0
DA:1266,0
DA:1269,0
DA:1272,0
DA:1275,0
DA:1277,0
DA:1280,0
DA:1284,0
DA:1287,0
DA:1290,0
DA:1292,0
DA:1295,0
DA:1299,0
DA:1302,0
DA:1305,0
DA:1308,0
DA:1312,0
DA:1315,0
DA:1318,0
DA:1320,0
DA:1323,0
DA:1326,0
DA:1329,0
DA:1332,0
DA:1334,0
DA:1337,0
DA:1340,1
DA:1343,1
DA:1346,1
DA:1350,0
DA:1352,0
DA:1355,0
DA:1359,0
DA:1363,0
DA:1366,0
DA:1369,0
DA:1372,0
DA:1375,0
DA:1378,0
DA:1381,0
DA:1385,0
DA:1388,0
DA:1391,0
DA:1394,0
DA:1397,0
DA:1400,0
DA:1403,0
DA:1406,0
DA:1409,0
DA:1412,0
DA:1415,0
DA:1417,0
DA:1420,0
DA:1422,0
DA:1425,0
DA:1428,0
DA:1431,0
DA:1434,0
DA:1438,0
DA:1441,0
DA:1444,0
DA:1447,0
DA:1450,0
DA:1453,0
DA:1456,0
DA:1458,0
DA:1460,0
DA:1461,0
DA:1464,0
DA:1467,0
DA:1470,0
DA:1473,0
DA:1476,0
DA:1479,0
DA:1482,0
DA:1485,0
DA:1487,0
DA:1490,0
DA:1492,0
DA:1495,0
DA:1497,0
DA:1500,0
DA:1503,0
DA:1505,0
DA:1508,0
DA:1512,0
DA:1516,0
DA:1519,0
DA:1521,0
DA:1523,0
DA:1524,0
DA:1527,0
DA:1530,0
DA:1533,0
DA:1536,0
DA:1539,0
DA:1542,0
DA:1545,0
DA:1547,0
DA:1550,0
DA:1552,0
DA:1555,1
DA:1559,1
DA:1563,0
DA:1567,0
DA:1571,0
DA:1575,0
DA:1578,0
DA:1581,0
DA:1583,0
DA:1586,0
DA:1588,0
DA:1591,0
DA:1594,0
DA:1597,0
DA:1600,0
DA:1603,0
DA:1606,0
DA:1609,0
DA:1612,0
DA:1615,0
DA:1618,0
DA:1621,0
DA:1624,0
DA:1627,0
DA:1630,0
DA:1632,0
DA:1635,0
DA:1641,0
DA:1643,0
DA:1644,0
DA:1645,0
DA:1647,0
DA:1650,0
DA:1653,0
DA:1655,0
DA:1658,0
DA:1661,0
DA:1664,0
DA:1667,0
DA:1669,0
DA:1672,0
DA:1675,0
DA:1679,0
DA:1682,0
DA:1685,0
DA:1688,0
DA:1691,0
DA:1694,0
DA:1696,0
DA:1699,0
DA:1703,0
DA:1705,0
DA:1708,0
DA:1710,0
DA:1713,0
DA:1715,0
DA:1718,0
DA:1720,0
DA:1723,2
DA:1725,2
DA:1728,0
DA:1730,0
DA:1733,0
DA:1737,2
DA:1740,0
DA:1743,2
DA:1746,0
DA:1750,0
DA:1753,0
DA:1756,0
DA:1758,0
DA:1761,0
DA:1765,0
DA:1768,0
DA:1772,0
DA:1774,0
DA:1777,2
DA:1780,0
DA:1783,1
DA:1786,1
DA:1789,1
DA:1792,0
DA:1794,0
DA:1797,0
DA:1800,0
DA:1802,0
DA:1805,0
DA:1808,0
DA:1811,0
DA:1814,0
DA:1817,0
DA:1819,0
DA:1822,0
DA:1824,0
DA:1827,0
DA:1829,0
DA:1832,0
DA:1835,0
DA:1838,0
DA:1841,0
DA:1844,0
DA:1847,0
DA:1850,0
DA:1853,0
DA:1856,0
DA:1859,0
DA:1862,1
DA:1865,0
DA:1868,0
DA:1872,0
DA:1875,0
DA:1879,0
DA:1881,0
DA:1884,0
DA:1888,0
DA:1891,0
DA:1894,0
DA:1897,0
DA:1900,0
DA:1903,0
DA:1906,0
DA:1909,0
DA:1912,0
DA:1915,0
DA:1918,0
DA:1921,0
DA:1923,0
DA:1926,0
DA:1928,0
DA:1931,0
DA:1933,0
DA:1936,0
DA:1938,0
DA:1941,0
DA:1944,0
DA:1947,0
DA:1950,0
DA:1953,0
DA:1956,0
DA:1960,0
DA:1963,0
DA:1965,0
DA:1967,0
DA:1968,0
DA:1971,0
DA:1974,0
DA:1977,1
DA:1980,0
DA:1984,0
DA:1986,0
DA:1989,1
DA:1991,1
DA:1994,0
DA:1996,0
DA:1999,0
DA:2002,0
DA:2005,0
DA:2008,1
DA:2011,1
DA:2014,1
DA:2017,2
DA:2020,2
DA:2023,0
DA:2026,2
DA:2028,2
DA:2031,2
DA:2033,2
DA:2036,1
DA:2038,1
DA:2041,1
DA:2043,1
DA:2046,0
DA:2049,2
DA:2052,2
DA:2054,2
DA:2057,0
DA:2060,0
DA:2063,1
DA:2066,0
DA:2069,0
DA:2072,0
DA:2075,0
DA:2078,1
DA:2081,0
DA:2084,0
DA:2086,0
DA:2089,0
DA:2091,0
DA:2094,0
DA:2096,0
DA:2099,0
DA:2101,0
DA:2104,0
DA:2106,0
DA:2109,0
DA:2111,0
DA:2114,0
DA:2116,0
DA:2119,0
DA:2123,2
DA:2126,2
DA:2130,1
DA:2133,1
DA:2137,1
DA:2140,1
DA:2144,0
DA:2147,0
DA:2151,0
DA:2154,0
DA:2158,0
DA:2161,0
DA:2165,0
DA:2168,0
DA:2172,0
DA:2175,0
DA:2179,0
DA:2182,0
DA:2186,0
DA:2189,0
DA:2193,0
DA:2196,0
DA:2199,0
DA:2202,0
DA:2206,0
DA:2209,0
DA:2213,1
DA:2216,1
DA:2220,0
DA:2223,0
DA:2227,0
DA:2230,0
DA:2234,0
DA:2237,0
DA:2241,0
DA:2244,0
DA:2248,0
DA:2251,0
DA:2254,0
DA:2257,0
DA:2261,0
DA:2264,0
DA:2268,0
DA:2271,0
DA:2275,0
DA:2278,0
DA:2282,0
DA:2285,0
DA:2289,0
DA:2292,0
DA:2296,0
DA:2299,0
DA:2303,0
DA:2306,0
DA:2309,0
DA:2312,0
DA:2316,0
DA:2319,0
DA:2323,0
DA:2326,0
DA:2330,0
DA:2333,0
DA:2337,0
DA:2340,0
DA:2344,0
DA:2347,0
DA:2351,0
DA:2354,0
DA:2358,0
DA:2361,0
DA:2365,0
DA:2368,0
DA:2372,0
DA:2375,0
DA:2379,0
DA:2382,0
DA:2386,0
DA:2389,0
DA:2392,0
DA:2395,0
DA:2399,0
DA:2402,0
DA:2406,0
DA:2409,0
DA:2413,0
DA:2416,0
DA:2420,0
DA:2423,0
DA:2427,0
DA:2430,0
DA:2434,0
DA:2437,0
DA:2441,0
DA:2444,0
DA:2448,0
DA:2451,0
DA:2455,0
DA:2458,0
DA:2462,0
DA:2465,0
DA:2469,0
DA:2472,0
DA:2476,0
DA:2479,0
DA:2483,0
DA:2486,0
DA:2489,0
DA:2492,0
DA:2495,0
DA:2498,0
DA:2502,0
DA:2505,0
DA:2509,0
DA:2512,0
DA:2516,0
DA:2519,0
DA:2523,0
DA:2526,0
DA:2529,0
DA:2532,0
DA:2536,0
DA:2539,0
DA:2543,0
DA:2546,0
DA:2550,0
DA:2553,0
DA:2557,0
DA:2560,0
DA:2564,0
DA:2567,0
DA:2571,0
DA:2574,0
DA:2578,0
DA:2581,0
DA:2585,0
DA:2588,0
DA:2592,0
DA:2595,0
DA:2599,0
DA:2602,0
DA:2605,0
DA:2608,0
DA:2612,0
DA:2615,0
DA:2619,0
DA:2622,0
DA:2626,0
DA:2629,0
DA:2633,0
DA:2636,0
DA:2640,0
DA:2643,0
DA:2647,0
DA:2650,0
DA:2654,0
DA:2657,0
DA:2661,0
DA:2664,0
DA:2668,0
DA:2671,0
DA:2675,0
DA:2678,0
DA:2682,0
DA:2685,0
DA:2689,0
DA:2692,0
DA:2696,0
DA:2699,0
DA:2703,0
DA:2706,0
DA:2710,1
DA:2713,1
DA:2717,0
DA:2720,0
DA:2724,0
DA:2727,0
DA:2731,1
DA:2734,1
DA:2738,0
DA:2741,0
DA:2745,0
DA:2748,0
DA:2752,0
DA:2755,0
DA:2759,0
DA:2762,0
DA:2766,0
DA:2769,0
DA:2773,0
DA:2776,0
DA:2780,0
DA:2783,0
DA:2787,0
DA:2790,0
DA:2794,0
DA:2797,0
DA:2801,0
DA:2804,0
DA:2808,0
DA:2811,0
DA:2815,0
DA:2819,0
DA:2823,0
DA:2826,0
DA:2830,0
DA:2833,0
DA:2837,0
DA:2840,0
DA:2844,0
DA:2847,0
DA:2851,0
DA:2854,0
DA:2858,3
DA:2861,3
DA:2864,3
DA:2867,3
DA:2870,3
DA:2872,3
DA:2875,3
DA:2877,3
DA:2880,0
DA:2883,1
DA:2885,1
DA:2888,1
DA:2890,1
DA:2893,1
DA:2896,1
DA:2899,1
DA:2902,1
DA:2905,1
DA:2908,1
DA:2911,1
DA:2914,1
DA:2917,1
DA:2920,1
DA:2923,0
DA:2926,0
DA:2929,0
DA:2933,0
DA:2936,0
DA:2939,0
DA:2942,0
DA:2943,0
DA:2945,0
DA:2947,0
DA:2948,0
DA:2952,0
DA:2955,0
DA:2958,0
DA:2960,0
DA:2963,0
DA:2966,0
DA:2969,1
DA:2972,0
DA:2975,0
DA:2978,1
DA:2981,0
DA:2983,0
DA:2986,1
DA:2989,0
DA:2992,0
DA:2994,0
DA:2997,0
DA:3000,0
DA:3003,0
DA:3005,0
DA:3008,0
DA:3011,0
DA:3014,1
DA:3017,0
DA:3019,0
DA:3022,2
DA:3024,2
DA:3027,0
DA:3030,2
DA:3032,2
DA:3035,2
DA:3037,2
DA:3040,2
DA:3043,2
DA:3045,2
DA:3048,0
DA:3050,0
DA:3053,1
DA:3056,1
DA:3059,1
DA:3062,2
DA:3065,2
DA:3068,0
DA:3071,2
DA:3074,2
DA:3077,2
DA:3080,2
DA:3083,2
DA:3086,2
DA:3089,2
DA:3092,2
DA:3096,2
DA:3100,2
DA:3104,2
DA:3107,0
DA:3110,0
DA:3113,0
DA:3116,0
DA:3119,0
DA:3122,0
DA:3125,0
DA:3127,0
DA:3130,2
DA:3133,1
DA:3136,0
DA:3140,2
DA:3143,2
DA:3146,2
DA:3149,0
DA:3151,0
DA:3153,0
DA:3154,0
DA:3157,0
DA:3160,2
DA:3162,2
DA:3165,0
DA:3167,0
DA:3170,2
DA:3173,0
DA:3176,0
DA:3179,0
DA:3182,2
DA:3185,2
DA:3189,0
DA:3191,0
DA:3194,2
DA:3198,0
DA:3201,0
DA:3204,0
DA:3207,0
DA:3210,0
DA:3213,0
DA:3216,0
DA:3219,0
DA:3222,0
DA:3226,0
DA:3228,0
DA:3231,0
DA:3235,0
DA:3237,0
DA:3240,0
DA:3242,0
DA:3245,0
DA:3247,0
DA:3250,0
DA:3252,0
DA:3254,0
DA:3255,0
DA:3258,0
DA:3261,0
DA:3263,0
DA:3266,0
DA:3268,0
DA:3270,0
DA:3271,0
DA:3274,0
DA:3277,0
DA:3280,0
DA:3283,0
DA:3287,0
DA:3290,0
DA:3293,0
DA:3297,0
DA:3300,0
DA:3303,0
DA:3307,0
DA:3310,0
DA:3314,0
DA:3317,0
DA:3320,0
DA:3323,0
DA:3326,0
DA:3328,0
DA:3331,0
DA:3334,0
DA:3337,0
DA:3340,0
DA:3343,0
DA:3346,0
DA:3349,0
DA:3352,0
DA:3355,0
DA:3358,0
DA:3361,0
DA:3364,0
DA:3367,0
DA:3370,0
DA:3373,0
DA:3376,0
DA:3379,0
DA:3382,0
DA:3386,0
DA:3389,0
DA:3392,0
DA:3394,0
DA:3397,0
DA:3399,0
DA:3402,0
DA:3406,0
DA:3409,0
DA:3412,0
DA:3415,0
DA:3418,0
DA:3421,0
DA:3424,0
DA:3427,0
DA:3430,0
DA:3433,0
DA:3435,0
DA:3438,0
DA:3442,0
DA:3446,0
DA:3449,0
DA:3453,0
DA:3455,0
DA:3458,1
DA:3461,1
DA:3464,1
DA:3466,1
DA:3469,1
DA:3473,1
DA:3476,1
DA:3479,1
DA:3481,1
DA:3484,1
DA:3486,1
DA:3489,1
DA:3493,1
DA:3496,1
LF:1163
LH:173
end_of_record
SF:lib\core\connectivity\web_online_events_io.dart
DA:13,23
LF:1
LH:1
end_of_record
SF:lib\core\offline\health_check_provider.dart
DA:28,0
DA:30,0
DA:31,0
DA:32,0
DA:33,0
DA:34,0
DA:36,0
DA:37,0
DA:38,0
DA:49,6
DA:58,11
LF:11
LH:2
end_of_record
SF:lib\core\offline\sync_service.dart
DA:56,6
DA:60,24
DA:62,18
DA:63,6
DA:64,8
DA:65,6
DA:68,19
DA:69,1
DA:70,1
DA:72,1
DA:86,20
DA:87,2
DA:88,2
DA:95,6
DA:99,21
DA:100,3
DA:117,12
DA:126,6
DA:127,6
DA:128,6
DA:132,8
DA:133,9
DA:134,7
DA:135,2
DA:138,9
DA:139,6
DA:161,6
DA:163,24
DA:164,12
DA:165,4
DA:167,0
DA:180,1
DA:181,1
DA:182,1
DA:183,0
DA:184,0
DA:187,3
DA:188,4
DA:190,1
DA:191,1
DA:193,1
DA:197,2
DA:200,1
DA:201,1
DA:219,6
DA:221,24
DA:222,6
DA:223,24
DA:224,3
DA:226,3
DA:252,3
DA:253,3
DA:254,3
DA:263,12
DA:264,3
DA:267,12
DA:268,9
DA:269,3
DA:303,6
DA:305,6
DA:307,9
DA:308,2
DA:313,6
DA:316,6
DA:323,9
DA:324,1
DA:326,2
DA:327,1
DA:328,1
DA:329,2
DA:335,3
DA:337,6
DA:338,3
DA:339,3
DA:340,3
DA:345,6
DA:349,6
DA:352,3
DA:355,5
DA:356,2
DA:359,3
DA:360,3
DA:363,1
DA:365,2
DA:366,1
DA:367,2
DA:368,2
DA:372,1
DA:373,2
DA:375,1
DA:376,1
DA:390,1
DA:391,1
DA:395,2
DA:401,3
DA:407,3
DA:408,3
DA:412,3
DA:414,6
DA:415,3
DA:416,6
DA:418,3
DA:421,3
DA:426,1
DA:427,3
DA:428,1
DA:429,2
DA:430,2
DA:431,1
DA:432,1
DA:435,5
DA:436,1
DA:437,1
DA:441,1
DA:442,3
DA:443,1
DA:444,2
DA:445,2
DA:446,2
DA:449,5
DA:450,1
DA:458,1
DA:459,3
DA:460,1
DA:464,3
DA:466,3
DA:467,1
DA:468,0
DA:474,1
DA:476,3
DA:481,0
DA:486,0
DA:502,1
DA:503,3
DA:504,7
DA:505,2
DA:507,3
DA:508,0
DA:509,0
DA:513,1
DA:516,3
DA:518,9
DA:519,12
DA:520,3
DA:521,3
DA:522,3
DA:523,3
DA:524,3
DA:525,3
DA:537,1
DA:539,3
DA:540,4
DA:541,1
DA:542,1
DA:543,1
DA:544,1
DA:545,1
DA:546,2
DA:547,2
DA:560,3
DA:562,6
DA:563,2
DA:564,0
DA:577,3
DA:578,3
DA:579,12
DA:580,12
DA:581,12
DA:584,12
DA:586,12
DA:587,12
DA:590,6
DA:592,3
DA:594,0
DA:623,3
DA:624,3
DA:626,3
DA:627,1
DA:630,2
DA:633,0
DA:640,6
DA:645,4
DA:648,4
DA:649,12
DA:650,12
DA:652,0
DA:653,0
DA:655,0
DA:656,0
DA:660,30
LF:190
LH:175
end_of_record
SF:lib\features\personal_records\providers\pr_cache_bootstrap_provider.dart
DA:62,16
DA:86,3
DA:87,3
DA:99,1
DA:101,2
DA:102,3
DA:105,1
DA:109,1
DA:116,3
DA:131,1
DA:132,2
DA:133,0
DA:139,2
DA:140,2
DA:143,2
DA:145,3
DA:147,0
DA:161,1
LF:18
LH:16
end_of_record
SF:lib\features\rpg\providers\character_sheet_provider.dart
DA:38,56
DA:39,16
DA:40,16
DA:41,16
DA:43,9
DA:44,1
DA:54,1
DA:60,2
DA:61,1
DA:62,1
DA:64,1
DA:71,1
DA:72,5
DA:74,1
DA:75,5
DA:77,1
DA:79,2
DA:83,1
DA:84,2
DA:85,2
DA:95,1
DA:96,1
DA:97,1
DA:98,1
DA:99,1
DA:101,1
DA:103,1
DA:104,1
DA:105,1
DA:108,1
DA:109,1
DA:111,1
DA:112,1
LF:33
LH:33
end_of_record
SF:lib\features\workouts\providers\workout_history_providers.dart
DA:40,1
DA:46,2
DA:47,5
DA:55,4
DA:56,3
DA:57,1
DA:65,2
DA:76,1
DA:77,2
DA:81,5
DA:84,2
DA:91,3
DA:92,4
DA:93,1
DA:97,1
DA:99,0
DA:100,0
DA:102,0
DA:117,2
DA:122,3
DA:127,0
DA:128,0
DA:133,30
DA:134,15
DA:149,38
DA:150,2
DA:155,2
DA:156,8
DA:158,2
DA:159,1
DA:170,0
DA:171,0
DA:172,0
DA:181,6
DA:182,7
DA:183,2
DA:184,2
DA:186,0
DA:188,3
DA:189,1
DA:210,2
DA:216,2
DA:217,6
DA:219,0
DA:221,2
DA:222,2
DA:224,2
DA:225,6
DA:226,6
DA:227,2
DA:235,4
DA:236,2
DA:239,8
DA:244,4
DA:245,2
DA:256,20
DA:257,15
DA:258,5
DA:259,5
DA:260,5
DA:262,5
DA:263,5
DA:277,5
DA:278,10
LF:64
LH:54
end_of_record
SF:lib\core\utils\workout_formatters.dart
DA:8,0
DA:10,3
DA:13,3
DA:14,3
DA:15,1
DA:18,3
DA:19,6
DA:21,3
DA:22,3
DA:24,1
DA:25,1
DA:27,1
DA:35,2
DA:40,3
DA:41,6
DA:51,3
DA:56,3
DA:57,12
DA:58,12
DA:60,6
DA:62,5
DA:63,5
DA:65,9
DA:66,6
DA:68,2
DA:77,6
DA:78,6
DA:79,24
DA:80,24
DA:81,12
DA:83,7
DA:84,10
DA:85,9
DA:86,3
DA:87,4
DA:88,2
DA:90,6
DA:91,4
DA:97,2
DA:99,6
DA:100,12
LF:41
LH:40
end_of_record
SF:lib\features\rpg\domain\character_xp_calculator.dart
DA:62,2
DA:69,4
DA:70,2
DA:72,2
DA:73,2
DA:75,2
DA:76,0
DA:82,4
DA:83,4
DA:86,4
DA:87,2
DA:88,2
DA:90,2
DA:91,2
DA:95,2
DA:96,2
DA:98,4
DA:106,2
DA:117,2
LF:19
LH:18
end_of_record
SF:lib\features\rpg\domain\rank_curve.dart
DA:22,0
DA:60,8
DA:61,16
DA:62,8
DA:63,32
DA:72,9
DA:73,18
DA:74,9
DA:75,4
DA:77,12
DA:78,16
DA:82,2
DA:83,6
DA:88,1
DA:89,1
DA:90,4
DA:92,3
DA:94,1
DA:95,2
DA:96,3
DA:98,1
DA:100,1
DA:103,1
DA:107,8
DA:108,8
DA:109,8
DA:110,16
DA:114,6
DA:115,6
DA:116,6
DA:117,6
DA:118,6
DA:119,6
DA:124,7
DA:125,7
DA:126,7
DA:127,7
DA:128,7
DA:129,7
DA:130,7
DA:131,7
DA:140,4
DA:141,2
DA:143,2
DA:144,6
DA:145,8
DA:149,3
DA:150,4
DA:154,2
DA:167,1
DA:173,2
DA:174,1
DA:176,1
DA:177,1
DA:179,1
DA:180,3
DA:181,1
LF:57
LH:56
end_of_record
SF:lib\features\rpg\domain\vitality_calculator.dart
DA:30,0
DA:57,10
DA:63,2
DA:64,8
DA:67,2
DA:79,2
DA:85,2
DA:86,2
DA:87,2
DA:88,8
DA:89,2
DA:90,2
DA:96,1
DA:97,1
DA:103,8
DA:104,8
DA:105,8
DA:106,8
DA:107,8
DA:116,2
DA:121,0
DA:124,0
DA:126,0
DA:127,0
DA:129,0
DA:130,0
LF:26
LH:19
end_of_record
SF:lib\features\rpg\domain\vitality_state_mapper.dart
DA:48,0
DA:76,7
DA:77,7
DA:78,7
DA:79,7
DA:102,6
DA:106,6
DA:107,10
LF:8
LH:7
end_of_record
SF:lib\features\rpg\models\vitality_state.dart
DA:88,4
DA:92,4
LF:2
LH:2
end_of_record
SF:lib\features\rpg\models\character_sheet_state.dart
DA:45,8
DA:50,56
DA:86,5
DA:90,18
DA:108,4
DA:109,8
DA:110,18
DA:112,4
DA:113,4
DA:115,4
DA:116,4
DA:117,4
DA:118,4
DA:119,4
DA:122,8
DA:138,5
DA:139,5
DA:140,20
DA:142,8
LF:19
LH:19
end_of_record
SF:lib\features\rpg\providers\active_title_provider.dart
DA:21,31
DA:22,21
LF:2
LH:2
end_of_record
SF:lib\features\rpg\providers\class_provider.dart
DA:36,46
DA:37,20
DA:38,10
DA:39,3
DA:40,3
DA:41,12
DA:43,3
DA:45,8
DA:46,8
LF:9
LH:9
end_of_record
SF:lib\core\format\date_format.dart
DA:10,0
DA:17,1
DA:18,2
DA:24,2
DA:25,4
DA:31,2
DA:32,4
LF:7
LH:6
end_of_record
SF:lib\core\l10n\exercise_l10n.dart
DA:14,1
DA:16,1
DA:17,2
DA:18,2
DA:32,1
DA:38,1
DA:39,1
DA:60,2
DA:61,0
DA:62,0
DA:63,0
DA:64,0
DA:65,0
DA:66,0
DA:67,0
DA:68,0
DA:69,0
DA:70,0
DA:71,0
DA:72,0
LF:20
LH:8
end_of_record
SF:lib\core\observability\sentry_init.dart
DA:8,6
DA:15,3
DA:19,1
DA:20,1
DA:21,1
DA:22,2
DA:34,1
DA:36,1
DA:38,2
DA:39,2
DA:40,1
DA:42,2
DA:43,2
DA:44,0
DA:49,1
DA:51,2
DA:52,2
DA:53,2
DA:54,1
DA:56,2
DA:58,2
DA:59,2
DA:60,2
DA:61,1
DA:84,0
DA:85,0
DA:86,0
DA:88,0
DA:92,0
DA:93,0
DA:94,0
DA:95,0
DA:96,0
DA:97,0
DA:98,0
DA:99,0
DA:101,0
DA:102,0
DA:108,0
DA:115,0
DA:118,0
DA:120,0
DA:121,0
DA:127,0
DA:129,0
DA:130,0
DA:136,0
DA:137,0
DA:144,2
DA:145,2
DA:147,4
DA:148,2
DA:149,2
LF:53
LH:28
end_of_record
SF:lib\core\router\app_router.dart
DA:65,2
DA:66,2
DA:68,4
DA:69,1
DA:71,1
DA:72,1
DA:73,1
DA:79,1
DA:87,2
DA:88,2
DA:89,1
DA:90,2
DA:91,1
DA:95,1
DA:101,2
DA:102,1
DA:103,2
DA:106,1
DA:125,2
DA:126,1
DA:130,4
DA:151,1
DA:153,1
DA:154,1
DA:159,2
DA:165,1
DA:166,1
DA:168,1
DA:170,2
DA:171,1
DA:173,0
DA:175,1
DA:177,1
DA:179,1
DA:181,0
DA:186,1
DA:188,0
DA:193,1
DA:195,0
DA:198,0
DA:199,0
DA:203,0
DA:217,1
DA:220,0
DA:224,0
DA:227,0
DA:228,0
DA:229,0
DA:232,0
DA:236,1
DA:237,1
DA:238,2
DA:239,1
DA:240,1
DA:242,0
DA:243,1
DA:244,1
DA:246,0
DA:247,1
DA:248,1
DA:250,0
DA:251,0
DA:258,1
DA:260,0
DA:261,1
DA:262,1
DA:264,0
DA:265,0
DA:270,1
DA:272,0
DA:273,1
DA:274,1
DA:279,0
DA:280,0
DA:284,1
DA:286,0
DA:288,1
DA:290,0
DA:291,1
DA:292,1
DA:294,0
DA:295,1
DA:296,1
DA:298,0
DA:304,1
DA:306,0
DA:308,0
DA:311,0
DA:312,0
DA:315,1
DA:317,0
DA:319,1
DA:321,0
DA:355,2
DA:356,10
DA:357,10
DA:371,2
DA:373,4
DA:374,2
DA:377,1
DA:379,2
DA:380,2
DA:381,1
DA:410,3
DA:414,2
DA:415,2
DA:427,2
DA:429,3
DA:430,2
DA:435,2
DA:436,4
DA:437,2
DA:438,1
DA:439,1
DA:442,2
DA:445,0
DA:468,1
DA:474,2
DA:478,3
DA:479,2
DA:482,2
DA:483,1
DA:484,1
DA:487,1
DA:492,2
DA:496,1
DA:497,3
DA:498,2
DA:499,3
DA:500,1
DA:501,3
DA:504,2
DA:508,1
DA:509,1
DA:510,1
DA:511,4
DA:517,2
DA:519,2
DA:520,6
DA:521,4
DA:522,4
DA:523,4
DA:534,6
DA:544,6
DA:554,6
DA:555,2
DA:559,2
DA:563,6
DA:611,2
DA:612,2
DA:613,2
DA:625,2
DA:628,2
DA:629,2
DA:630,2
DA:631,2
DA:632,2
DA:633,2
DA:640,2
DA:643,2
DA:644,2
DA:647,1
DA:649,4
DA:654,1
DA:662,1
DA:676,1
DA:677,1
DA:679,1
DA:686,2
DA:688,2
DA:689,0
DA:690,2
DA:691,6
DA:693,2
DA:695,6
DA:699,0
DA:706,0
DA:722,0
DA:724,2
DA:725,2
DA:728,2
DA:734,4
DA:738,2
DA:741,2
DA:747,4
DA:751,2
DA:754,2
DA:760,4
DA:764,2
DA:767,2
DA:773,4
DA:788,0
DA:792,0
DA:794,0
DA:795,0
DA:797,0
DA:801,0
DA:803,0
DA:804,0
DA:805,0
DA:808,0
DA:809,0
DA:810,0
DA:811,0
DA:812,0
DA:818,0
DA:819,0
DA:820,0
DA:822,0
DA:826,0
DA:827,0
DA:828,0
DA:829,0
DA:830,0
DA:835,0
DA:836,0
DA:837,0
DA:838,0
DA:839,0
DA:841,0
DA:842,0
DA:846,0
DA:854,0
DA:855,0
DA:856,0
DA:857,0
DA:858,0
DA:867,3
DA:872,2
DA:874,6
LF:230
LH:156
end_of_record
SF:lib\core\format\weight_unit.dart
DA:19,2
DA:22,2
DA:39,2
DA:40,2
DA:43,2
DA:44,4
LF:6
LH:6
end_of_record
SF:lib\core\local_storage\cache_refresh_provider.dart
DA:25,9
DA:26,0
DA:29,0
DA:32,0
DA:33,0
DA:34,0
DA:35,0
DA:36,0
DA:38,0
DA:40,0
DA:41,0
DA:43,0
DA:44,0
DA:46,0
DA:47,0
DA:49,0
DA:50,0
LF:17
LH:1
end_of_record
SF:lib\features\routines\models\routine.dart
DA:28,9
DA:29,9
DA:42,9
DA:43,9
DA:68,9
DA:69,9
LF:6
LH:6
end_of_record
SF:lib\features\routines\models\routine.g.dart
DA:9,9
DA:10,9
DA:11,18
DA:12,11
DA:13,18
DA:14,10
DA:15,10
DA:18,3
DA:19,3
DA:20,3
DA:21,3
DA:22,3
DA:23,3
DA:24,3
DA:27,9
DA:28,9
DA:29,9
DA:31,9
DA:32,27
DA:33,9
DA:34,1
DA:35,9
DA:37,12
DA:40,3
DA:41,3
DA:42,3
DA:43,15
DA:46,18
DA:47,9
DA:48,9
DA:49,9
DA:50,9
DA:52,9
DA:53,27
DA:54,9
DA:55,1
DA:56,18
DA:57,9
DA:58,9
DA:61,8
DA:62,4
DA:63,4
DA:64,4
DA:65,4
DA:66,18
DA:67,8
DA:68,4
DA:69,4
LF:48
LH:48
end_of_record
SF:lib\features\routines\providers\routine_providers.dart
DA:13,0
DA:14,0
DA:15,0
DA:16,0
DA:17,0
DA:22,3
DA:23,0
DA:24,0
DA:25,0
DA:26,0
DA:27,0
DA:28,0
LF:12
LH:1
end_of_record
SF:lib\features\auth\providers\onboarding_provider.dart
DA:33,4
DA:34,4
DA:36,2
DA:41,1
DA:42,1
DA:44,1
LF:6
LH:6
end_of_record
SF:lib\features\auth\providers\signup_state_provider.dart
DA:5,18
LF:1
LH:1
end_of_record
SF:lib\features\auth\ui\email_confirmation_screen.dart
DA:13,3
DA:15,2
DA:17,2
DA:24,0
DA:25,0
DA:28,0
DA:29,0
DA:30,0
DA:31,0
DA:33,0
DA:34,0
DA:38,0
DA:39,0
DA:40,0
DA:43,2
DA:45,2
DA:46,2
DA:47,6
DA:48,6
DA:49,2
DA:52,6
DA:53,0
DA:54,0
DA:55,0
DA:56,0
DA:57,0
DA:63,2
DA:64,2
DA:65,2
DA:66,2
DA:68,2
DA:70,2
DA:71,2
DA:74,2
DA:75,6
DA:78,2
DA:81,4
DA:85,2
DA:86,2
DA:87,4
DA:89,4
DA:94,2
DA:95,2
DA:96,2
DA:97,1
DA:98,4
DA:100,6
DA:104,4
DA:106,2
DA:108,4
DA:109,4
DA:114,2
DA:115,2
DA:116,2
DA:117,4
DA:118,6
DA:122,2
DA:123,2
DA:124,0
DA:126,0
DA:127,0
DA:128,0
DA:129,0
DA:134,2
DA:136,2
DA:137,2
DA:138,2
DA:141,2
DA:142,2
DA:143,2
DA:145,0
DA:148,0
DA:150,0
DA:153,4
LF:74
LH:50
end_of_record
SF:lib\features\auth\ui\login_screen.dart
DA:16,3
DA:18,7
DA:19,7
DA:56,7
DA:58,14
DA:59,14
DA:60,14
DA:61,7
DA:64,5
DA:65,10
DA:66,10
DA:67,5
DA:68,10
DA:70,10
DA:71,5
DA:73,5
DA:77,5
DA:88,4
DA:89,4
DA:90,8
DA:91,8
DA:92,8
DA:95,2
DA:99,5
DA:100,5
DA:101,0
DA:105,4
DA:106,4
DA:107,12
DA:109,9
DA:110,6
DA:111,12
DA:113,3
DA:124,2
DA:130,6
DA:132,2
DA:134,2
DA:135,8
DA:136,3
DA:137,2
DA:140,1
DA:141,1
DA:156,3
DA:157,3
DA:158,12
DA:159,1
DA:162,0
DA:163,0
DA:164,0
DA:167,2
DA:168,4
DA:169,6
DA:170,2
DA:171,4
DA:172,4
DA:176,1
DA:179,1
DA:180,1
DA:181,1
DA:182,1
DA:183,1
DA:184,2
DA:185,1
DA:186,1
DA:188,2
DA:189,2
DA:190,1
DA:191,1
DA:192,3
DA:193,2
DA:198,1
DA:202,1
DA:203,0
DA:204,2
DA:212,1
DA:214,0
DA:215,0
DA:216,0
DA:217,0
DA:218,0
DA:219,0
DA:226,12
DA:228,4
DA:229,8
DA:230,9
DA:231,13
DA:235,4
DA:236,8
DA:237,5
DA:238,9
DA:244,3
DA:245,6
DA:246,7
DA:250,7
DA:252,7
DA:253,7
DA:254,21
DA:255,7
DA:258,24
DA:259,5
DA:260,4
DA:261,6
DA:266,7
DA:267,7
DA:268,7
DA:269,7
DA:271,7
DA:272,7
DA:283,7
DA:285,7
DA:288,7
DA:294,7
DA:300,7
DA:301,7
DA:302,14
DA:303,14
DA:315,7
DA:317,7
DA:320,7
DA:321,19
DA:322,7
DA:323,10
DA:324,14
DA:326,21
DA:337,12
DA:338,5
DA:345,5
DA:346,5
DA:347,5
DA:358,10
DA:359,3
DA:361,3
DA:363,3
DA:364,9
DA:367,3
DA:368,3
DA:369,9
DA:374,3
DA:375,3
DA:376,3
DA:378,6
DA:382,3
DA:383,3
DA:384,3
DA:385,6
DA:386,6
DA:396,7
DA:398,7
DA:399,7
DA:400,7
DA:407,7
DA:408,7
DA:410,7
DA:411,7
DA:412,7
DA:426,12
DA:428,2
DA:431,7
DA:432,7
DA:434,7
DA:435,1
DA:436,1
DA:437,1
DA:438,2
DA:443,7
DA:444,4
DA:445,4
DA:446,8
DA:447,12
DA:457,7
DA:466,12
DA:468,5
DA:469,5
DA:470,10
DA:478,10
DA:480,5
DA:481,5
DA:482,10
DA:489,14
DA:490,7
DA:492,7
DA:495,7
DA:496,7
DA:497,7
DA:500,7
DA:501,7
DA:502,14
DA:503,21
DA:517,12
DA:530,5
DA:533,5
DA:540,5
DA:541,5
DA:542,5
DA:548,3
DA:549,6
DA:550,3
DA:555,5
DA:556,5
DA:558,0
DA:559,0
DA:560,0
DA:561,0
DA:568,7
DA:569,7
DA:570,19
DA:577,12
DA:579,7
DA:581,7
DA:588,17
DA:590,5
DA:591,5
DA:592,5
DA:596,7
DA:597,7
DA:598,7
DA:599,7
DA:600,7
DA:601,21
DA:606,7
DA:608,7
DA:609,7
DA:610,14
DA:611,21
DA:617,7
DA:618,7
DA:619,21
DA:626,7
DA:627,7
DA:630,7
DA:631,7
DA:632,7
DA:637,14
DA:638,7
DA:640,7
DA:641,21
DA:645,7
DA:646,7
DA:651,7
DA:652,7
DA:654,7
DA:657,7
DA:658,7
DA:659,7
DA:660,7
DA:661,5
DA:662,7
DA:670,14
DA:672,7
DA:701,5
DA:714,2
DA:715,7
DA:716,8
DA:717,3
DA:718,1
DA:723,5
DA:725,5
DA:726,5
DA:731,15
DA:732,5
DA:733,7
DA:734,6
DA:738,10
DA:739,3
DA:741,2
DA:742,2
DA:747,5
DA:753,5
DA:755,5
DA:756,5
DA:757,10
DA:758,10
DA:759,5
DA:760,5
DA:762,10
DA:763,5
DA:765,5
DA:771,4
DA:773,4
DA:775,8
DA:795,5
DA:805,5
DA:807,5
DA:808,5
DA:809,10
DA:811,15
DA:813,10
DA:815,10
DA:819,5
DA:820,5
DA:822,5
DA:830,5
DA:831,5
DA:832,5
DA:838,5
DA:847,5
DA:848,5
DA:850,5
DA:851,15
DA:852,15
DA:853,10
DA:854,15
DA:862,7
DA:864,7
DA:865,7
DA:866,21
DA:867,21
DA:868,14
DA:869,14
DA:874,7
DA:875,7
DA:876,0
DA:877,7
DA:882,7
DA:886,7
DA:889,7
DA:890,14
DA:891,14
DA:892,14
DA:893,14
DA:894,7
LF:321
LH:305
end_of_record
SF:lib\features\auth\ui\onboarding_screen.dart
DA:22,3
DA:24,3
DA:25,3
DA:38,3
DA:40,6
DA:41,3
DA:44,2
DA:45,4
DA:46,4
DA:53,1
DA:54,2
DA:55,2
DA:62,1
DA:64,1
DA:65,3
DA:66,1
DA:67,1
DA:68,1
DA:72,0
DA:74,0
DA:75,0
DA:76,0
DA:77,0
DA:79,0
DA:80,0
DA:81,0
DA:83,0
DA:84,0
DA:89,0
DA:91,1
DA:92,1
DA:121,1
DA:122,2
DA:123,2
DA:125,2
DA:130,1
DA:131,3
DA:136,1
DA:137,1
DA:156,3
DA:157,1
DA:161,1
DA:162,2
DA:164,1
DA:165,2
DA:168,3
DA:175,1
DA:176,3
DA:200,1
DA:204,1
DA:205,1
DA:206,2
DA:208,1
DA:209,1
DA:210,1
DA:217,2
DA:218,1
DA:236,1
DA:238,2
DA:243,3
DA:245,3
DA:247,3
DA:248,3
DA:249,3
DA:250,3
DA:252,3
DA:254,3
DA:255,6
DA:256,6
DA:257,3
DA:258,3
DA:261,3
DA:263,6
DA:264,9
DA:267,3
DA:275,3
DA:276,3
DA:277,3
DA:279,2
DA:280,6
DA:282,3
DA:283,6
DA:284,3
DA:285,3
DA:286,1
DA:287,3
DA:289,3
DA:290,0
DA:291,0
DA:293,3
DA:294,3
DA:309,3
DA:313,3
DA:315,3
DA:316,3
DA:318,3
DA:320,3
DA:322,3
DA:326,3
DA:328,3
DA:329,3
DA:333,3
DA:339,3
DA:342,3
DA:343,3
DA:344,6
DA:345,6
DA:351,3
DA:352,3
DA:353,6
DA:355,9
DA:363,3
DA:365,3
DA:366,3
DA:367,3
DA:380,3
DA:399,2
DA:401,4
DA:402,4
DA:403,4
DA:404,0
DA:408,2
DA:410,2
DA:411,2
DA:413,2
DA:415,2
DA:417,2
DA:419,2
DA:420,2
DA:421,4
DA:425,2
DA:426,2
DA:427,4
DA:429,6
DA:434,6
DA:440,2
DA:443,4
DA:444,4
DA:445,2
DA:447,2
DA:448,2
DA:449,2
DA:451,3
DA:454,2
DA:457,6
DA:459,2
DA:460,2
DA:461,4
DA:462,6
DA:468,2
DA:471,4
DA:472,4
DA:473,2
DA:475,2
DA:476,2
DA:477,2
DA:479,0
DA:482,2
DA:485,2
DA:486,2
DA:487,2
DA:491,2
DA:492,2
DA:495,2
DA:496,2
DA:498,4
DA:534,2
DA:544,2
DA:546,2
DA:548,2
DA:549,2
DA:550,4
DA:551,2
DA:554,2
DA:555,2
DA:556,2
DA:557,2
DA:559,2
DA:562,4
DA:564,2
DA:565,2
DA:566,4
LF:182
LH:167
end_of_record
SF:lib\features\auth\ui\splash_screen.dart
DA:14,3
DA:16,1
DA:18,1
DA:20,1
DA:21,1
DA:23,1
DA:24,1
DA:30,1
DA:32,2
DA:34,1
LF:10
LH:10
end_of_record
SF:lib\features\exercises\ui\exercise_detail_screen.dart
DA:23,1
DA:27,1
DA:29,1
DA:35,0
DA:36,0
DA:43,0
DA:45,0
DA:46,0
DA:47,0
DA:48,0
DA:49,0
DA:50,0
DA:51,0
DA:52,0
DA:53,0
DA:55,0
DA:56,0
DA:59,0
DA:61,0
DA:62,0
DA:65,0
DA:66,0
DA:67,0
DA:70,0
DA:73,0
DA:74,0
DA:75,0
DA:76,0
DA:78,0
DA:86,0
DA:88,0
DA:91,0
DA:92,0
DA:97,0
DA:101,0
DA:102,0
DA:103,0
DA:104,0
DA:105,0
DA:106,0
DA:107,0
DA:110,0
DA:114,1
DA:116,6
DA:118,1
DA:119,1
DA:120,1
DA:121,1
DA:124,2
DA:127,1
DA:128,1
DA:129,2
DA:130,1
DA:132,1
DA:133,1
DA:134,1
DA:135,2
DA:138,1
DA:139,0
DA:140,0
DA:141,2
DA:146,2
DA:148,1
DA:149,1
DA:157,1
DA:171,1
DA:172,4
DA:174,1
DA:175,0
DA:180,1
DA:182,1
DA:183,2
DA:184,1
DA:191,1
DA:193,1
DA:195,1
DA:196,1
DA:197,2
DA:198,2
DA:200,3
DA:202,1
DA:205,1
DA:206,1
DA:207,2
DA:209,1
DA:210,1
DA:215,3
DA:222,2
DA:223,4
DA:224,1
DA:225,1
DA:228,1
DA:229,1
DA:230,3
DA:231,3
DA:236,3
DA:238,1
DA:239,3
DA:240,3
DA:244,2
DA:245,3
DA:247,2
DA:249,3
DA:250,1
DA:251,1
DA:252,2
DA:253,2
DA:255,1
DA:262,1
DA:263,2
DA:264,3
DA:266,2
DA:268,1
DA:270,1
DA:273,1
DA:274,1
DA:275,2
DA:276,1
DA:283,3
DA:284,1
DA:285,2
DA:286,3
DA:288,1
DA:289,1
DA:303,1
DA:321,1
DA:323,1
DA:325,1
DA:327,1
DA:328,3
DA:329,1
DA:331,1
DA:333,1
DA:334,1
DA:335,1
DA:338,1
DA:339,3
DA:350,1
DA:351,1
DA:352,2
DA:354,1
DA:364,1
DA:368,1
DA:370,1
DA:371,1
DA:372,2
DA:373,3
DA:376,1
DA:378,1
DA:379,1
DA:380,2
DA:381,1
DA:382,1
DA:383,1
DA:384,1
DA:385,1
DA:386,2
DA:387,3
DA:392,2
DA:396,4
DA:397,1
DA:398,2
DA:399,1
DA:400,1
DA:401,1
[...]
end_of_record
SF:lib\features\workouts\ui\post_session\share\share_sheet.dart
DA:32,2
DA:48,1
DA:53,1
DA:61,1
DA:62,1
DA:67,2
DA:71,4
DA:73,2
DA:77,2
DA:79,2
DA:81,2
DA:84,2
DA:86,2
DA:87,4
DA:89,4
DA:95,2
DA:96,2
DA:99,4
DA:100,1
DA:101,2
DA:102,4
DA:107,2
DA:110,4
DA:111,1
DA:112,2
DA:113,4
DA:116,2
DA:117,2
DA:120,4
DA:121,1
DA:122,2
DA:123,4
DA:138,2
DA:150,2
DA:152,2
DA:155,2
DA:157,2
DA:159,2
DA:160,2
DA:161,2
DA:162,2
DA:163,2
DA:165,2
DA:166,2
DA:167,4
DA:169,2
DA:170,2
DA:171,2
DA:172,4
LF:49
LH:49
end_of_record
SF:lib\features\workouts\ui\post_session\summary\widgets\cardio_entry_row.dart
DA:31,1
DA:51,2
DA:53,6
DA:55,2
DA:59,2
DA:61,2
DA:63,2
DA:73,2
DA:74,2
DA:75,2
DA:76,4
DA:85,2
DA:86,2
DA:89,2
DA:93,2
DA:94,2
DA:95,2
DA:96,4
DA:98,4
DA:102,3
DA:104,1
DA:105,2
DA:106,2
LF:23
LH:23
end_of_record
SF:lib\features\workouts\ui\post_session\summary\widgets\conditioning_charge_bar.dart
DA:28,2
DA:67,2
DA:68,2
DA:76,2
DA:78,2
DA:79,4
DA:83,2
DA:84,4
DA:85,4
DA:87,2
DA:91,2
DA:94,6
DA:95,6
DA:96,4
DA:98,2
DA:99,6
DA:102,0
DA:104,0
DA:105,0
DA:106,0
DA:107,0
DA:108,0
DA:109,0
DA:110,0
DA:111,0
DA:113,0
DA:118,2
DA:120,4
DA:121,2
DA:124,2
DA:126,6
DA:128,2
DA:132,10
DA:133,2
DA:135,2
DA:137,2
DA:140,2
DA:143,2
DA:144,8
DA:145,4
DA:147,2
DA:152,2
DA:153,4
DA:154,4
DA:163,2
DA:164,2
DA:165,2
DA:167,2
DA:169,2
DA:170,2
DA:171,2
DA:172,2
DA:173,2
DA:174,2
DA:180,6
DA:182,4
DA:183,2
DA:184,2
DA:185,2
DA:186,2
DA:192,2
DA:197,2
DA:198,2
DA:205,2
DA:209,4
DA:223,2
DA:224,4
DA:225,4
LF:68
LH:58
end_of_record
SF:lib\features\workouts\ui\post_session\summary\widgets\lift_row.dart
DA:31,2
DA:65,2
DA:67,2
DA:68,4
DA:70,4
DA:77,10
DA:79,2
DA:84,2
DA:86,2
DA:88,2
DA:92,2
DA:93,2
DA:98,2
DA:99,2
DA:100,2
DA:101,4
DA:107,2
DA:108,2
DA:110,2
DA:111,2
DA:112,4
DA:115,2
LF:22
LH:22
end_of_record
SF:lib\features\workouts\ui\post_session\summary\widgets\xp_segmented_bar.dart
DA:11,4
DA:21,0
DA:24,0
DA:25,0
DA:26,0
DA:27,0
DA:29,0
DA:30,0
DA:56,5
DA:66,5
DA:68,10
DA:69,25
DA:70,5
DA:72,5
DA:76,5
DA:78,5
DA:79,5
DA:80,25
DA:81,7
DA:82,5
DA:83,15
DA:84,20
DA:97,5
DA:101,5
DA:103,10
LF:25
LH:18
end_of_record
SF:lib\features\workouts\ui\post_session\summary\share_cta_button.dart
DA:37,5
DA:58,5
DA:59,5
DA:67,5
DA:73,15
DA:74,0
DA:75,0
DA:76,0
DA:80,5
DA:84,5
DA:85,10
DA:89,5
DA:94,1
DA:95,4
DA:96,1
DA:97,1
DA:98,1
DA:99,1
DA:100,2
DA:105,0
DA:106,0
DA:107,0
DA:108,0
DA:109,0
DA:110,0
DA:111,0
DA:112,0
DA:113,0
DA:117,0
DA:120,0
LF:30
LH:16
end_of_record
SF:lib\features\workouts\ui\widgets\elapsed_timer.dart
DA:20,13
DA:24,10
DA:25,10
DA:26,40
DA:27,40
DA:28,10
DA:29,0
DA:31,10
DA:34,13
DA:36,52
DA:38,13
DA:39,13
DA:40,13
DA:41,13
DA:42,0
DA:46,26
LF:16
LH:14
end_of_record
SF:lib\features\workouts\ui\widgets\cardio_entry_card.dart
DA:44,2
DA:57,0
DA:58,0
DA:60,0
DA:61,0
DA:62,0
DA:63,0
DA:64,0
DA:65,0
DA:66,0
DA:69,0
DA:70,0
DA:71,0
DA:72,0
DA:73,0
DA:75,0
DA:76,0
DA:77,0
DA:78,0
DA:79,0
DA:82,0
DA:88,0
DA:90,0
DA:91,0
DA:99,0
DA:100,0
DA:103,0
DA:104,0
DA:107,1
DA:110,1
DA:112,3
DA:113,4
DA:116,1
DA:118,3
DA:119,4
DA:122,1
DA:129,1
DA:131,1
DA:137,3
DA:138,1
DA:139,3
DA:144,1
DA:149,2
DA:152,3
DA:153,4
DA:156,2
DA:158,2
DA:159,4
DA:160,6
DA:161,4
DA:167,8
DA:168,2
DA:169,2
DA:171,2
DA:174,2
DA:175,2
DA:190,2
DA:193,2
DA:195,2
DA:196,2
DA:198,6
DA:199,2
DA:200,2
DA:201,2
DA:203,0
DA:204,0
DA:212,2
DA:213,2
DA:217,2
DA:218,2
DA:219,2
DA:228,2
DA:233,4
DA:235,2
DA:240,2
DA:242,2
DA:243,2
DA:244,1
DA:245,3
DA:246,1
DA:247,3
DA:252,2
DA:253,2
DA:254,2
DA:255,2
DA:257,2
DA:258,2
DA:259,2
DA:266,2
DA:267,4
DA:268,1
DA:269,1
DA:270,1
DA:271,1
DA:275,2
DA:279,1
DA:280,1
DA:281,1
DA:282,2
DA:293,2
DA:294,2
DA:296,2
DA:297,2
DA:298,2
DA:299,1
DA:300,2
DA:301,2
DA:302,4
DA:303,2
DA:311,2
DA:315,2
DA:316,4
DA:317,2
DA:320,4
DA:321,2
DA:324,2
DA:327,2
DA:328,2
DA:349,2
DA:359,2
DA:361,2
DA:362,2
DA:363,2
DA:364,6
DA:366,4
DA:367,7
DA:368,7
DA:370,2
DA:372,2
DA:376,2
DA:378,2
DA:379,2
DA:381,4
DA:398,1
DA:402,1
DA:408,1
DA:411,1
DA:413,1
DA:414,3
DA:415,2
DA:416,1
DA:417,1
DA:419,2
DA:420,1
DA:421,2
DA:438,1
DA:442,1
DA:443,1
DA:446,2
DA:450,1
DA:452,1
DA:453,1
DA:455,1
DA:458,1
DA:459,3
DA:461,3
DA:463,1
DA:464,1
DA:468,4
DA:469,1
DA:472,1
DA:473,2
DA:474,1
DA:477,2
DA:490,1
DA:500,1
DA:502,1
DA:503,1
DA:506,2
DA:507,2
DA:509,1
DA:510,1
DA:511,1
DA:512,0
DA:514,1
DA:515,1
DA:516,1
DA:517,4
DA:518,1
DA:519,1
DA:522,1
DA:523,1
DA:524,1
DA:525,1
DA:528,1
DA:529,1
DA:530,2
DA:531,2
DA:533,1
LF:189
LH:159
end_of_record
SF:lib\features\workouts\ui\widgets\duration_stepper.dart
DA:19,3
DA:34,3
DA:35,3
DA:41,1
DA:46,5
DA:47,6
DA:50,2
DA:51,16
DA:56,1
DA:57,1
DA:58,1
DA:59,3
DA:60,2
DA:62,2
DA:67,2
DA:68,3
DA:69,2
DA:72,3
DA:74,3
DA:75,3
DA:78,2
DA:79,2
DA:80,2
DA:81,4
DA:83,6
DA:86,3
DA:88,3
DA:89,9
DA:98,3
DA:99,3
DA:100,3
DA:102,3
DA:103,3
DA:104,0
DA:105,0
DA:106,3
DA:114,3
DA:118,18
DA:126,3
DA:127,3
DA:128,3
DA:130,3
DA:131,3
DA:133,3
DA:135,3
DA:136,3
DA:138,3
DA:145,6
DA:151,3
DA:152,3
DA:153,6
DA:162,3
DA:164,3
DA:165,3
DA:166,3
DA:167,2
DA:168,3
DA:171,3
DA:172,3
LF:59
LH:57
end_of_record
SF:lib\features\workouts\ui\widgets\exercise_card.dart
DA:49,15
DA:62,15
DA:63,15
DA:70,0
DA:71,0
DA:73,0
DA:74,0
DA:75,0
DA:76,0
DA:77,0
DA:78,0
DA:79,0
DA:82,0
DA:83,0
DA:84,0
DA:85,0
DA:86,0
DA:88,0
DA:89,0
DA:93,0
DA:94,0
DA:95,0
DA:98,0
DA:104,0
DA:105,0
DA:106,0
DA:107,0
DA:120,0
DA:121,0
DA:123,0
DA:125,0
DA:126,0
DA:127,0
DA:128,0
DA:129,0
DA:131,0
DA:132,0
DA:133,0
DA:136,0
DA:139,0
DA:140,0
DA:143,0
DA:144,0
DA:145,0
DA:148,0
DA:149,0
DA:150,0
DA:151,0
DA:152,0
DA:153,0
DA:156,0
DA:157,0
DA:158,0
DA:159,0
DA:160,0
DA:161,0
DA:162,0
DA:177,15
DA:178,54
DA:181,2
DA:182,2
DA:210,1
DA:216,1
DA:224,4
DA:225,1
DA:226,2
DA:227,1
DA:231,1
DA:232,1
DA:233,0
DA:236,0
DA:239,0
DA:240,0
DA:241,0
DA:244,0
DA:246,0
DA:253,0
DA:255,0
DA:263,1
DA:268,2
DA:269,2
DA:271,1
DA:272,1
DA:279,2
DA:280,1
DA:281,3
DA:282,1
DA:291,4
DA:293,0
DA:294,0
DA:295,0
DA:297,0
DA:298,0
DA:299,0
DA:302,0
DA:303,0
DA:309,15
DA:311,30
DA:312,30
DA:313,30
DA:324,90
DA:326,15
DA:327,75
DA:335,30
DA:337,15
DA:345,15
DA:347,15
DA:349,15
DA:350,15
DA:352,30
DA:353,30
DA:354,30
DA:355,30
DA:356,15
DA:357,15
DA:358,15
DA:360,45
DA:362,15
DA:363,15
DA:367,15
DA:369,15
DA:370,15
DA:371,2
DA:377,30
DA:378,2
DA:379,2
DA:380,6
DA:381,2
DA:382,0
DA:390,15
DA:395,30
DA:396,30
DA:403,30
DA:404,30
DA:409,60
DA:414,30
DA:415,45
DA:419,30
DA:420,15
DA:422,15
DA:423,30
DA:427,15
DA:461,15
DA:465,15
DA:467,15
DA:475,15
DA:486,15
DA:487,15
DA:489,45
DA:490,15
DA:492,15
DA:493,30
DA:506,2
DA:516,2
DA:518,2
DA:519,2
DA:520,2
DA:529,2
DA:533,2
DA:534,2
DA:535,2
DA:536,2
DA:537,4
DA:538,4
DA:539,6
DA:550,15
DA:558,15
DA:565,30
DA:567,60
DA:583,15
DA:584,15
DA:586,15
DA:587,15
DA:588,15
DA:590,15
DA:591,30
DA:599,15
DA:600,14
DA:602,14
DA:603,28
DA:608,15
DA:609,15
DA:610,15
DA:611,30
DA:616,15
DA:631,2
DA:637,2
DA:638,2
DA:643,4
DA:647,2
DA:649,2
DA:650,2
DA:651,10
DA:652,8
DA:654,2
DA:658,4
DA:659,2
DA:660,2
DA:663,2
DA:664,2
DA:666,2
DA:668,2
DA:671,2
DA:672,6
DA:673,2
DA:677,2
DA:678,2
DA:681,2
DA:683,8
DA:686,2
DA:689,2
DA:690,2
DA:691,6
DA:692,6
DA:694,2
DA:695,6
DA:696,6
DA:701,4
DA:702,4
DA:704,0
DA:706,0
DA:707,0
DA:708,0
DA:709,0
DA:710,0
DA:711,0
DA:712,0
DA:713,0
DA:714,0
DA:717,0
DA:721,0
DA:722,0
DA:723,0
DA:724,0
DA:725,0
DA:731,0
DA:732,0
DA:733,0
DA:734,0
DA:735,0
DA:736,0
DA:737,0
DA:738,0
DA:739,0
DA:740,0
DA:743,0
DA:747,0
DA:748,0
DA:749,0
DA:750,0
DA:751,0
DA:761,6
DA:762,6
DA:763,2
DA:765,2
DA:767,4
DA:781,2
DA:788,2
DA:790,2
DA:792,2
DA:794,2
DA:795,6
DA:796,2
DA:798,2
DA:800,2
DA:801,2
DA:802,2
DA:804,6
DA:807,2
DA:808,2
DA:809,4
DA:818,2
DA:828,1
DA:830,3
DA:831,0
DA:832,0
DA:836,2
DA:838,2
DA:839,2
DA:841,4
DA:842,0
DA:852,0
DA:853,2
DA:854,4
DA:857,2
DA:858,0
DA:861,1
DA:863,1
DA:865,1
DA:866,3
DA:868,1
DA:869,2
DA:871,1
DA:872,1
DA:873,1
DA:874,1
DA:875,2
DA:878,1
DA:879,2
DA:880,1
DA:885,1
DA:886,3
DA:887,2
DA:899,2
DA:907,2
DA:909,2
DA:910,2
DA:911,4
DA:912,6
LF:309
LH:200
end_of_record
SF:lib\features\workouts\ui\widgets\exercise_card_header.dart
DA:22,16
DA:48,16
DA:50,16
DA:51,16
DA:53,16
DA:54,16
DA:55,16
DA:69,16
DA:72,16
DA:73,32
DA:84,16
DA:85,16
DA:86,16
DA:87,8
DA:89,16
DA:91,16
DA:99,16
DA:100,16
DA:102,16
DA:103,16
DA:104,16
DA:105,32
DA:106,16
DA:116,16
DA:119,48
DA:131,16
DA:132,4
DA:133,17
DA:134,1
DA:135,1
DA:136,1
DA:137,1
DA:139,0
DA:140,0
DA:141,0
DA:144,1
DA:147,1
DA:148,1
DA:149,1
DA:150,1
DA:152,0
DA:153,0
DA:154,0
DA:157,1
DA:160,16
DA:165,16
DA:169,16
DA:170,16
DA:171,0
DA:172,16
DA:174,48
DA:176,16
DA:179,16
DA:183,16
DA:184,16
DA:185,0
DA:186,16
DA:188,48
DA:190,16
LF:59
LH:51
end_of_record
SF:lib\features\workouts\ui\widgets\set_row.dart
DA:58,18
DA:110,18
DA:111,18
DA:118,18
DA:120,18
DA:121,36
DA:122,1
DA:123,3
DA:124,4
DA:129,18
DA:131,19
DA:132,18
DA:135,1
DA:137,7
DA:138,1
DA:139,3
DA:140,1
DA:141,2
DA:142,3
DA:143,1
DA:147,1
DA:148,1
DA:149,3
DA:150,6
DA:153,2
DA:154,2
DA:155,6
DA:156,2
DA:157,6
DA:158,12
DA:160,2
DA:161,4
DA:165,18
DA:167,18
DA:168,36
DA:169,87
DA:171,18
DA:172,36
DA:174,18
DA:175,1
DA:177,4
DA:179,1
DA:180,7
DA:181,1
DA:183,6
DA:185,0
DA:186,0
DA:187,0
DA:189,0
DA:209,0
DA:211,0
DA:213,0
DA:215,0
DA:216,0
DA:217,0
DA:218,0
DA:250,18
DA:251,36
DA:252,18
DA:253,18
DA:255,18
DA:256,18
DA:258,36
DA:259,42
DA:260,18
DA:271,36
DA:272,17
DA:274,17
DA:281,17
DA:284,34
DA:285,51
DA:287,68
DA:292,18
DA:293,36
DA:294,18
DA:300,36
DA:301,18
DA:303,36
DA:304,54
DA:306,72
DA:310,18
DA:311,36
DA:312,18
DA:313,18
DA:314,18
DA:359,18
DA:369,18
DA:370,54
DA:371,54
DA:373,18
DA:374,54
DA:375,54
DA:376,54
DA:378,18
DA:380,18
DA:382,18
DA:383,18
DA:401,34
DA:403,18
DA:406,16
DA:407,16
DA:408,16
DA:409,32
DA:411,48
DA:414,32
DA:420,18
DA:425,18
DA:426,18
DA:433,18
DA:434,18
DA:435,18
DA:437,18
DA:438,18
DA:441,16
DA:443,16
DA:444,16
DA:445,32
DA:446,16
DA:451,18
DA:452,36
DA:467,36
DA:468,18
DA:470,18
DA:472,18
DA:474,18
DA:476,18
DA:484,18
DA:485,16
DA:541,18
DA:542,18
DA:560,18
DA:579,18
DA:581,18
DA:582,18
DA:583,54
DA:595,18
DA:597,24
DA:598,36
DA:599,18
DA:601,5
DA:609,36
DA:610,18
DA:611,54
DA:613,18
DA:615,6
DA:616,12
DA:617,18
DA:619,18
DA:620,36
DA:621,54
DA:623,18
DA:625,6
DA:626,18
DA:628,18
DA:629,18
DA:630,18
DA:631,18
DA:640,18
DA:642,18
DA:647,18
DA:649,18
DA:650,18
DA:651,54
DA:655,36
DA:667,6
DA:672,1
DA:678,1
DA:679,1
DA:680,1
DA:683,1
DA:703,18
DA:704,54
DA:705,36
DA:732,18
DA:733,36
DA:734,4
DA:735,4
DA:736,4
DA:746,18
DA:748,36
DA:749,4
DA:750,4
DA:751,4
DA:762,18
DA:767,18
DA:769,18
DA:770,18
DA:771,18
DA:772,18
DA:777,18
DA:811,17
DA:825,17
DA:826,17
DA:842,1
DA:865,4
DA:867,1
DA:868,7
DA:869,1
DA:870,1
DA:871,7
DA:872,1
DA:873,1
DA:874,1
DA:879,1
DA:880,1
DA:881,3
DA:882,1
DA:883,2
DA:884,3
DA:890,17
DA:892,17
DA:893,51
DA:900,35
DA:901,1
DA:905,17
DA:910,17
DA:917,61
DA:919,51
DA:928,34
DA:929,28
DA:937,28
DA:942,17
DA:944,17
DA:945,17
DA:946,17
DA:947,17
DA:949,34
DA:957,17
DA:958,17
DA:961,17
DA:963,17
DA:964,34
DA:965,34
DA:984,1
DA:985,1
DA:988,2
DA:989,1
DA:990,1
DA:992,1
DA:1003,18
DA:1015,18
DA:1017,54
DA:1018,42
DA:1023,18
DA:1024,14
DA:1031,28
DA:1036,18
DA:1038,18
DA:1039,36
DA:1042,0
DA:1043,0
DA:1058,18
DA:1070,18
DA:1071,54
DA:1072,54
DA:1074,18
DA:1075,70
DA:1077,18
DA:1079,18
DA:1121,18
DA:1124,18
DA:1125,6
DA:1126,18
DA:1127,16
DA:1128,18
DA:1133,18
DA:1134,32
DA:1137,18
DA:1138,16
DA:1146,32
DA:1147,48
DA:1149,18
DA:1152,18
DA:1153,18
DA:1154,24
DA:1157,18
DA:1158,18
DA:1166,18
DA:1168,18
DA:1169,24
DA:1171,32
DA:1236,18
DA:1237,18
DA:1240,18
DA:1241,36
DA:1260,18
DA:1261,18
DA:1288,16
DA:1293,16
DA:1295,32
DA:1310,16
DA:1311,32
DA:1314,16
DA:1317,16
DA:1318,32
DA:1319,16
DA:1322,16
DA:1324,16
DA:1325,16
DA:1337,18
DA:1341,0
DA:1343,0
DA:1346,0
DA:1347,0
LF:304
LH:287
end_of_record
SF:lib\features\workouts\ui\widgets\swap_exercise_confirm_dialog.dart
DA:22,1
DA:35,1
DA:41,1
DA:43,2
DA:51,1
DA:53,1
DA:69,1
DA:73,1
DA:74,3
DA:75,1
DA:76,1
DA:77,1
DA:78,1
DA:79,1
DA:82,1
DA:83,1
DA:87,1
DA:88,3
DA:89,1
DA:90,2
DA:93,1
DA:97,1
DA:98,3
DA:99,1
DA:100,2
LF:25
LH:25
end_of_record
SF:lib\features\workouts\ui\widgets\routine_notes_strip.dart
DA:15,1
DA:21,1
DA:23,1
DA:24,1
DA:28,1
DA:29,1
DA:30,3
DA:31,1
DA:33,1
DA:36,1
DA:37,1
DA:44,1
DA:45,1
DA:46,2
DA:59,1
DA:60,1
DA:67,2
DA:72,1
DA:76,1
DA:78,1
DA:79,1
DA:84,1
DA:85,1
DA:87,1
DA:89,1
DA:91,1
DA:92,1
DA:95,1
DA:96,1
DA:97,1
DA:102,1
DA:103,1
DA:104,2
DA:107,1
DA:108,1
DA:110,1
DA:111,1
DA:112,2
LF:38
LH:38
end_of_record
SF:lib\features\workouts\ui\widgets\history_week_header.dart
DA:35,1
DA:68,2
DA:70,2
DA:71,2
DA:75,8
DA:76,2
DA:77,2
DA:79,2
DA:80,1
DA:81,1
DA:82,1
DA:89,2
DA:91,2
DA:93,2
DA:94,2
DA:95,2
DA:96,2
DA:97,2
DA:98,4
DA:99,6
DA:107,2
DA:108,2
DA:109,4
DA:110,6
DA:114,2
DA:116,4
DA:117,6
DA:121,2
DA:122,4
DA:123,4
DA:124,2
DA:144,1
DA:154,2
DA:157,2
DA:160,1
DA:166,1
DA:167,1
DA:168,1
DA:169,1
DA:174,2
DA:176,6
DA:177,6
DA:178,6
LF:43
LH:43
end_of_record
SF:lib\features\workouts\ui\widgets\notes_edit_sheet.dart
DA:21,2
DA:60,2
DA:71,2
DA:80,4
DA:93,2
DA:94,2
DA:100,2
DA:102,2
DA:103,8
DA:106,2
DA:108,4
DA:109,2
DA:112,2
DA:114,2
DA:136,2
DA:138,2
DA:140,2
DA:143,2
DA:144,2
DA:145,6
DA:146,4
DA:149,2
DA:150,2
DA:152,4
DA:161,4
DA:168,2
DA:174,6
DA:177,0
DA:178,1
DA:179,1
DA:181,1
DA:184,1
DA:185,3
DA:186,2
DA:189,2
DA:190,4
DA:191,4
DA:203,2
DA:205,2
DA:206,2
DA:209,2
DA:210,6
DA:211,2
DA:215,6
DA:219,2
DA:222,4
DA:223,2
DA:224,4
DA:226,8
DA:227,2
DA:232,6
DA:249,2
LF:52
LH:51
end_of_record
SF:lib\shared\widgets\reps_stepper.dart
DA:15,20
DA:44,20
DA:45,20
DA:51,2
DA:52,10
DA:53,8
DA:56,2
DA:57,16
DA:60,1
DA:61,1
DA:62,1
DA:63,2
DA:64,0
DA:66,0
DA:71,2
DA:72,3
DA:73,2
DA:76,20
DA:78,20
DA:79,20
DA:82,2
DA:83,8
DA:84,2
DA:85,2
DA:86,2
DA:87,2
DA:88,2
DA:89,4
DA:90,2
DA:94,0
DA:95,0
DA:96,0
DA:97,0
DA:99,0
DA:102,2
DA:103,2
DA:104,3
DA:105,2
DA:106,4
DA:108,2
DA:109,1
DA:110,2
DA:111,1
DA:112,3
DA:114,2
DA:116,2
DA:117,4
DA:125,20
DA:127,20
DA:128,20
DA:141,20
DA:142,20
DA:143,20
DA:145,20
DA:146,20
DA:147,3
DA:148,2
DA:149,20
DA:150,20
DA:151,120
DA:161,20
DA:162,20
DA:163,60
DA:165,20
DA:166,20
DA:168,20
DA:170,20
DA:171,20
DA:173,20
DA:174,60
DA:178,40
DA:180,40
DA:181,80
DA:190,20
DA:192,20
DA:193,20
DA:194,3
DA:195,2
DA:196,20
DA:197,20
DA:198,20
LF:81
LH:74
end_of_record
SF:lib\shared\widgets\error_overlay.dart
DA:7,1
DA:12,1
DA:14,1
DA:16,1
DA:17,1
DA:19,1
DA:21,1
DA:22,3
DA:24,1
DA:25,1
DA:27,2
DA:29,1
DA:31,0
DA:32,0
DA:33,0
LF:15
LH:12
end_of_record
SF:lib\shared\widgets\pending_sync_sheet.dart
DA:27,3
DA:29,2
DA:30,2
DA:40,2
DA:42,2
DA:43,2
DA:45,6
DA:46,2
DA:47,10
DA:50,2
DA:55,4
DA:56,2
DA:58,2
DA:60,2
DA:63,2
DA:64,6
DA:65,2
DA:69,2
DA:71,2
DA:72,2
DA:73,2
DA:74,2
DA:75,4
DA:80,2
DA:81,4
DA:82,4
DA:83,6
DA:91,2
DA:92,2
DA:93,1
DA:94,1
DA:95,1
DA:96,2
DA:97,3
DA:103,1
DA:109,1
DA:110,0
DA:111,2
DA:112,1
DA:113,4
DA:114,4
DA:115,0
DA:116,0
DA:125,0
DA:126,0
DA:127,0
DA:128,0
DA:132,0
DA:133,0
DA:134,0
DA:135,0
DA:136,0
DA:137,0
DA:144,0
DA:145,0
DA:146,0
DA:147,0
DA:148,0
DA:152,0
DA:153,0
DA:154,0
DA:161,0
DA:162,0
DA:163,0
DA:164,0
DA:165,0
DA:166,0
DA:173,1
DA:187,2
DA:188,1
DA:189,0
DA:190,0
DA:193,2
DA:194,2
DA:195,0
DA:196,0
DA:206,3
DA:207,2
DA:208,1
DA:209,1
DA:210,1
DA:211,1
DA:214,1
DA:215,1
DA:216,3
DA:217,3
DA:218,1
DA:221,1
DA:223,1
DA:224,1
DA:225,1
DA:232,2
DA:234,1
DA:237,1
DA:238,3
DA:239,1
DA:241,1
DA:243,1
DA:244,1
DA:245,1
DA:246,4
DA:248,1
DA:249,1
DA:251,1
DA:252,1
DA:253,1
DA:254,2
DA:258,2
DA:259,4
DA:260,7
DA:261,2
DA:262,3
DA:270,1
DA:271,0
DA:277,1
DA:278,2
DA:279,1
DA:284,3
DA:288,1
DA:290,1
DA:292,2
DA:293,2
LF:122
LH:90
end_of_record
SF:lib\features\rpg\domain\cardio_xp_calculator.dart
DA:55,0
DA:89,1
DA:90,1
DA:92,1
DA:95,3
DA:101,1
DA:102,1
DA:103,1
DA:104,1
DA:106,1
DA:152,1
DA:153,1
DA:168,1
DA:169,1
DA:187,1
DA:188,1
DA:224,1
DA:225,2
DA:226,1
DA:227,1
DA:231,1
DA:233,2
DA:235,1
DA:237,6
DA:238,1
DA:240,1
DA:244,1
DA:245,2
DA:250,1
DA:251,3
DA:252,1
DA:263,1
DA:268,1
DA:270,3
DA:274,2
DA:291,1
DA:303,1
DA:304,1
DA:305,1
DA:306,1
DA:309,2
DA:310,1
DA:311,1
DA:312,2
DA:313,1
DA:315,2
DA:316,1
DA:317,1
DA:318,1
DA:319,1
DA:322,4
DA:324,1
DA:345,1
DA:346,3
DA:347,3
DA:348,4
DA:349,1
DA:350,2
DA:351,2
DA:352,3
DA:353,3
DA:356,0
DA:366,1
DA:431,0
DA:432,0
DA:433,0
DA:434,0
DA:435,0
DA:436,0
DA:437,0
DA:438,0
DA:439,0
DA:440,0
DA:441,0
DA:442,0
DA:443,0
DA:444,0
LF:77
LH:61
end_of_record
SF:lib\features\rpg\domain\est_vo2max.dart
DA:24,0
DA:68,0
DA:69,0
DA:80,1
DA:85,1
DA:88,1
DA:89,1
DA:92,1
DA:93,1
DA:95,2
DA:96,2
DA:97,1
DA:105,1
DA:108,3
DA:116,1
DA:121,1
DA:123,1
DA:125,1
DA:126,2
DA:127,2
DA:128,1
DA:130,1
DA:145,1
DA:150,2
DA:151,1
DA:156,1
DA:157,2
DA:158,1
DA:159,1
DA:175,0
DA:183,1
DA:188,2
DA:189,2
DA:190,2
DA:191,2
DA:192,1
LF:36
LH:32
end_of_record
SF:lib\features\rpg\domain\implied_tier.dart
DA:286,2
DA:287,2
DA:288,2
DA:289,6
DA:293,2
DA:294,8
DA:295,8
DA:296,8
DA:297,2
DA:298,4
DA:301,4
DA:302,2
DA:303,2
DA:304,2
DA:305,2
DA:306,10
DA:309,0
DA:320,2
DA:327,2
DA:328,2
DA:330,2
DA:331,2
DA:332,2
DA:333,2
DA:334,4
DA:335,2
DA:340,2
DA:341,6
DA:342,2
DA:343,2
DA:349,2
DA:350,6
DA:359,3
DA:363,3
DA:364,3
DA:365,6
DA:366,6
DA:367,3
DA:368,9
DA:369,3
DA:370,3
LF:41
LH:40
end_of_record
SF:lib\features\rpg\domain\xp_distribution.dart
DA:18,0
DA:25,1
DA:29,3
DA:32,1
DA:33,3
DA:34,1
DA:35,2
DA:49,1
DA:59,1
DA:60,1
DA:61,1
DA:63,1
DA:65,2
DA:66,1
DA:68,1
DA:70,1
DA:71,3
DA:72,1
DA:78,1
DA:79,1
DA:85,3
DA:86,1
DA:89,2
DA:92,2
DA:101,1
DA:102,3
DA:112,1
DA:114,3
DA:115,1
DA:121,1
DA:122,5
DA:125,1
DA:128,1
DA:129,5
DA:130,3
DA:131,5
DA:136,1
DA:141,3
DA:142,7
DA:143,6
DA:146,0
DA:147,0
LF:42
LH:39
end_of_record
SF:lib\features\rpg\data\title_thresholds_table.dart
DA:17,1
LF:1
LH:1
end_of_record
SF:lib\features\rpg\domain\xp_calculator.dart
DA:65,0
DA:146,1
DA:147,1
DA:149,3
DA:150,2
DA:151,1
DA:162,1
DA:166,1
DA:167,1
DA:173,1
DA:177,1
DA:178,2
DA:184,1
DA:185,1
DA:186,1
DA:187,1
DA:191,1
DA:192,2
DA:202,1
DA:206,1
DA:207,1
DA:208,1
DA:209,1
DA:216,1
DA:217,1
DA:218,3
DA:224,1
DA:225,1
DA:243,1
DA:250,1
DA:251,2
DA:252,2
DA:259,1
DA:260,2
DA:261,2
DA:275,1
DA:291,1
DA:292,1
DA:297,1
DA:298,1
DA:302,1
DA:303,1
DA:304,1
DA:305,1
DA:309,1
DA:310,1
DA:316,1
DA:318,1
DA:319,1
DA:320,1
DA:321,1
DA:322,1
DA:323,1
DA:324,1
DA:325,1
DA:326,1
DA:328,1
DA:354,1
DA:404,2
DA:405,1
DA:406,1
DA:407,1
DA:408,1
DA:409,1
DA:410,1
DA:411,1
DA:412,1
DA:413,1
DA:414,1
DA:415,1
DA:416,1
DA:417,1
DA:418,1
LF:73
LH:72
end_of_record
SF:lib\features\rpg\ui\widgets\active_title_pill.dart
DA:14,1
DA:18,1
DA:20,1
DA:21,1
DA:28,1
DA:30,1
DA:32,1
DA:34,1
DA:35,1
DA:38,2
DA:40,1
DA:44,2
LF:12
LH:12
end_of_record
SF:lib\features\rpg\ui\widgets\class_badge.dart
DA:23,0
DA:76,1
DA:94,1
DA:96,1
DA:97,1
DA:100,1
DA:102,1
DA:103,1
DA:107,1
DA:117,1
DA:120,1
DA:127,1
DA:130,1
DA:135,1
DA:137,1
DA:139,1
DA:142,1
DA:144,2
LF:18
LH:17
end_of_record
SF:lib\features\weekly_plan\ui\widgets\routine_chip.dart
DA:26,1
DA:54,1
DA:56,1
DA:57,2
DA:58,2
DA:59,2
DA:63,1
DA:64,1
DA:67,1
DA:68,1
DA:69,1
DA:70,1
DA:79,1
DA:80,3
DA:82,1
DA:84,1
DA:85,1
DA:86,1
DA:87,1
DA:88,1
DA:91,1
DA:93,1
DA:94,1
DA:97,1
DA:102,1
DA:107,1
DA:108,2
DA:109,2
DA:116,1
DA:117,1
DA:120,1
DA:121,1
DA:122,1
DA:123,2
DA:131,1
DA:132,1
DA:134,2
DA:135,2
DA:136,1
DA:150,1
DA:151,1
DA:153,1
DA:154,1
DA:155,1
DA:156,1
DA:157,1
DA:159,1
DA:160,1
DA:161,1
DA:164,1
DA:167,1
DA:169,1
DA:170,1
DA:173,1
DA:174,1
DA:178,1
DA:179,2
DA:180,2
DA:182,1
DA:187,1
DA:188,1
DA:189,1
DA:190,2
DA:191,1
LF:64
LH:64
end_of_record
SF:lib\features\workouts\ui\widgets\resume_workout_banner.dart
DA:17,1
DA:19,1
DA:21,2
DA:22,1
DA:25,2
DA:27,1
DA:28,1
DA:29,4
DA:31,1
DA:33,1
DA:35,1
DA:36,1
DA:37,1
DA:38,1
DA:40,1
DA:42,1
DA:43,2
DA:44,1
DA:47,1
DA:48,1
DA:55,1
DA:58,2
DA:61,1
DA:62,1
DA:65,1
DA:66,1
DA:67,2
DA:68,2
DA:70,2
DA:74,1
DA:75,1
DA:76,2
DA:77,3
DA:85,3
DA:94,1
DA:95,1
DA:96,2
DA:97,2
DA:99,1
DA:100,5
DA:102,5
LF:41
LH:41
end_of_record
SF:lib\features\workouts\ui\widgets\pr_chip.dart
DA:29,1
DA:31,1
DA:33,1
DA:34,1
DA:36,1
DA:37,1
DA:41,1
DA:43,1
DA:44,1
DA:50,1
DA:54,1
DA:55,1
DA:56,2
LF:13
LH:13
end_of_record
